#! /usr/bin/vvp
:ivl_version "0.9.7 " "(v0_9_7)";
:vpi_time_precision - 11;
:vpi_module "system";
:vpi_module "v2005_math";
:vpi_module "va_math";
S_0x8554988 .scope module, "cpu_tb" "cpu_tb" 2 12;
 .timescale -8 -11;
v0x85309c0_0 .var "clk", 0 0;
v0x857ce08_0 .var "e0", 7 0;
v0x857ce68_0 .var "e1", 7 0;
v0x857cec8_0 .var "e2", 7 0;
v0x857cf30_0 .var "reset", 0 0;
S_0x8554a58 .scope module, "fpga" "fpga" 3 1;
 .timescale -8 -11;
v0x8583c60_0 .net "clk", 0 0, C4<z>; 0 drivers
v0x8583cb0_0 .var "counter", 3 0;
v0x8583d00_0 .net "display1", 6 0, v0x857d628_0; 1 drivers
v0x8583d50_0 .net "display2", 6 0, v0x857d690_0; 1 drivers
v0x8583da0_0 .net "display3", 6 0, v0x857d370_0; 1 drivers
v0x8583df0_0 .net "display4", 6 0, v0x857d3d8_0; 1 drivers
v0x8583e40_0 .var "e0", 7 0;
v0x8583e90_0 .var "e1", 7 0;
v0x8583ee0_0 .var "e2", 7 0;
v0x8583f30_0 .var "e3", 7 0;
v0x8583f80_0 .var "fill_data", 3 0;
v0x8583fd0_0 .var "fill_op", 6 0;
v0x8584020_0 .var "fill_timer", 6 0;
v0x8584070_0 .net "num", 3 0, C4<zzzz>; 0 drivers
v0x85840c0_0 .net "pc_out", 9 0, v0x8580c50_0; 1 drivers
v0x8584110_0 .net "reset", 0 0, C4<z>; 0 drivers
v0x8584160_0 .net "resta", 0 0, C4<z>; 0 drivers
v0x85841b0_0 .net "s0", 7 0, v0x857eb18_0; 1 drivers
v0x8584250_0 .net "s1", 7 0, v0x857e878_0; 1 drivers
v0x85842a0_0 .net "s2", 7 0, v0x857e588_0; 1 drivers
v0x8584200_0 .net "s3", 7 0, v0x857e2b8_0; 1 drivers
v0x8584348_0 .net "suma", 0 0, C4<z>; 0 drivers
v0x85842f0_0 .net "timer_out", 0 0, v0x857d120_0; 1 drivers
L_0x8586168 .part v0x8580c50_0, 0, 4;
S_0x857d6f0 .scope module, "cpu1" "cpu" 3 27, 4 1, S_0x8554a58;
 .timescale -8 -11;
v0x8582f50_0 .alias "clk", 0 0, v0x8583c60_0;
v0x85830f8_0 .net "e0", 7 0, v0x8583e40_0; 1 drivers
v0x8583180_0 .net "e1", 7 0, v0x8583e90_0; 1 drivers
v0x8583208_0 .net "e2", 7 0, v0x8583ee0_0; 1 drivers
v0x8583290_0 .net "e3", 7 0, v0x8583f30_0; 1 drivers
v0x8583318_0 .net "enablebackup", 0 0, v0x857da30_0; 1 drivers
v0x8583368_0 .net "op", 2 0, L_0x8585f68; 1 drivers
v0x85833b8_0 .net "opcode", 5 0, L_0x8584718; 1 drivers
v0x8583440_0 .alias "pc_out", 9 0, v0x85840c0_0;
v0x85834f8_0 .net "port", 1 0, L_0x8584768; 1 drivers
v0x8583548_0 .alias "reset", 0 0, v0x8584110_0;
v0x8583598_0 .alias "s0", 7 0, v0x85841b0_0;
v0x8583658_0 .alias "s1", 7 0, v0x8584250_0;
v0x85836e0_0 .alias "s2", 7 0, v0x85842a0_0;
v0x8583730_0 .alias "s3", 7 0, v0x8584200_0;
v0x85837b8_0 .net "s_entr", 0 0, v0x857dab0_0; 1 drivers
v0x8583850_0 .net "s_inc", 0 0, v0x857db10_0; 1 drivers
v0x85838a0_0 .net "s_inm", 0 0, v0x857db98_0; 1 drivers
v0x8583940_0 .net "s_rel", 0 0, v0x857dbf8_0; 1 drivers
v0x8583990_0 .net "s_ret", 0 0, v0x857dc88_0; 1 drivers
v0x85838f0_0 .net "s_sal", 0 0, v0x857dce8_0; 1 drivers
v0x8583a38_0 .net "w_port0", 0 0, v0x857dd80_0; 1 drivers
v0x85839e0_0 .net "w_port1", 0 0, v0x857dde0_0; 1 drivers
v0x8583ae8_0 .net "w_port2", 0 0, v0x857de80_0; 1 drivers
v0x8583a88_0 .net "w_port3", 0 0, v0x857dee0_0; 1 drivers
v0x8583ba0_0 .net "we3", 0 0, v0x857df88_0; 1 drivers
v0x8583b38_0 .net "z", 0 0, v0x857f660_0; 1 drivers
S_0x857e088 .scope module, "micro1" "microc" 4 10, 5 2, S_0x857d6f0;
 .timescale -8 -11;
v0x8581c10_0 .net "SalidaMux2ADmux4", 7 0, L_0x8585e10; 1 drivers
v0x8581c60_0 .net "alu_mux_in", 7 0, v0x857fc10_0; 1 drivers
v0x8581ce8_0 .net "alu_mux_out", 7 0, L_0x8585be8; 1 drivers
v0x8581d70_0 .alias "clk", 0 0, v0x8583c60_0;
v0x8581dc0_0 .net "compsalto_out", 9 0, L_0x8584c00; 1 drivers
v0x8581e48_0 .alias "e0", 7 0, v0x85830f8_0;
v0x8581e98_0 .alias "e1", 7 0, v0x8583180_0;
v0x8581ee8_0 .alias "e2", 7 0, v0x8583208_0;
v0x8581f38_0 .alias "e3", 7 0, v0x8583290_0;
v0x8581f88_0 .net "mux_reg", 7 0, L_0x8585cf0; 1 drivers
v0x8582010_0 .net "muxpc_out", 9 0, L_0x85850b8; 1 drivers
v0x8582098_0 .alias "op", 2 0, v0x8583368_0;
v0x8582158_0 .alias "opcode", 5 0, v0x85833b8_0;
v0x85821a8_0 .net "out_memprog", 15 0, L_0x8582890; 1 drivers
v0x85821f8_0 .alias "pc_out", 9 0, v0x85840c0_0;
v0x8582248_0 .alias "port", 1 0, v0x85834f8_0;
v0x85822e0_0 .net "puerto_mux", 7 0, v0x857ef28_0; 1 drivers
v0x8582330_0 .net "rd1", 7 0, L_0x8585460; 1 drivers
v0x85823d0_0 .net "rd2", 7 0, L_0x85857e0; 1 drivers
v0x8582420_0 .alias "reset", 0 0, v0x8584110_0;
v0x8582380_0 .net "restorepc", 9 0, v0x85811a0_0; 1 drivers
v0x8582590_0 .net "retornopc_out", 9 0, L_0x8584fb0; 1 drivers
v0x8582640_0 .alias "s0", 7 0, v0x85841b0_0;
v0x8582690_0 .alias "s1", 7 0, v0x8584250_0;
v0x85825e0_0 .alias "s2", 7 0, v0x85842a0_0;
v0x8582748_0 .alias "s3", 7 0, v0x8584200_0;
v0x85826e0_0 .alias "s_entr", 0 0, v0x85837b8_0;
v0x8582840_0 .alias "s_inc", 0 0, v0x8583850_0;
v0x8582908_0 .alias "s_inm", 0 0, v0x85838a0_0;
v0x8582958_0 .alias "s_rel", 0 0, v0x8583940_0;
v0x8582a28_0 .alias "s_ret", 0 0, v0x8583990_0;
v0x8582a78_0 .alias "s_sal", 0 0, v0x85838f0_0;
v0x8582b50_0 .net "smuxalupc", 9 0, L_0x8584e00; 1 drivers
v0x8582ba0_0 .net "sumpc_out", 9 0, L_0x85847b8; 1 drivers
v0x8582ac8_0 .alias "w_bk", 0 0, v0x8583318_0;
v0x8582c80_0 .alias "w_port0", 0 0, v0x8583a38_0;
v0x8582c28_0 .alias "w_port1", 0 0, v0x85839e0_0;
v0x8582da0_0 .alias "w_port2", 0 0, v0x8583ae8_0;
v0x8582d08_0 .alias "w_port3", 0 0, v0x8583a88_0;
v0x8582ec8_0 .alias "we3", 0 0, v0x8583ba0_0;
v0x8582e28_0 .net "z", 0 0, L_0x8581cb0; 1 drivers
v0x8582ff8_0 .alias "zero", 0 0, v0x8583b38_0;
L_0x8584718 .part L_0x8582890, 0, 6;
L_0x8584768 .part L_0x8582890, 6, 2;
L_0x8584cf8 .part L_0x8582890, 6, 9;
L_0x8584db0 .part L_0x8582890, 15, 1;
L_0x85851d8 .part L_0x8582890, 6, 10;
L_0x8585930 .part L_0x8582890, 4, 4;
L_0x8584d48 .part L_0x8582890, 8, 4;
L_0x8585a48 .part L_0x8582890, 12, 4;
L_0x8585ca0 .part L_0x8582890, 4, 8;
L_0x8585ec8 .part L_0x8582890, 8, 8;
L_0x8585f18 .part L_0x8582890, 6, 2;
S_0x8581a30 .scope module, "sum_pc" "sum" 5 31, 6 19, S_0x857e088;
 .timescale -8 -11;
v0x8581ab0_0 .alias "a", 9 0, v0x85840c0_0;
v0x8581b38_0 .alias "b", 9 0, v0x8582b50_0;
v0x8581b88_0 .alias "y", 9 0, v0x8582ba0_0;
L_0x85847b8 .arith/sum 10, v0x8580c50_0, L_0x8584e00;
S_0x85814a0 .scope module, "compsalto" "ca2" 5 34, 6 34, S_0x857e088;
 .timescale -8 -11;
v0x8581520_0 .net *"_s0", 2 0, L_0x8584870; 1 drivers
v0x8581570_0 .net *"_s10", 8 0, C4<000000000>; 1 drivers
v0x85815d0_0 .net *"_s13", 8 0, L_0x85849d0; 1 drivers
v0x8581630_0 .net *"_s14", 9 0, L_0x8584a58; 1 drivers
v0x8581698_0 .net *"_s16", 0 0, C4<0>; 1 drivers
v0x85816f8_0 .net *"_s18", 9 0, L_0x8584b40; 1 drivers
v0x8581778_0 .net *"_s3", 1 0, C4<00>; 1 drivers
v0x85817d8_0 .net *"_s4", 2 0, C4<001>; 1 drivers
v0x8581860_0 .net *"_s6", 0 0, L_0x85848c0; 1 drivers
v0x85818c0_0 .net *"_s8", 0 0, C4<1>; 1 drivers
v0x8581920_0 .net "a", 8 0, L_0x8584cf8; 1 drivers
v0x8581980_0 .net "r", 0 0, L_0x8584db0; 1 drivers
v0x85819e0_0 .alias "y", 9 0, v0x8581dc0_0;
L_0x8584870 .concat [ 1 2 0 0], L_0x8584db0, C4<00>;
L_0x85848c0 .cmp/eq 3, L_0x8584870, C4<001>;
L_0x85849d0 .arith/sub 9, C4<000000000>, L_0x8584cf8;
L_0x8584a58 .concat [ 9 1 0 0], L_0x85849d0, C4<1>;
L_0x8584b40 .concat [ 9 1 0 0], L_0x8584cf8, C4<0>;
L_0x8584c00 .functor MUXZ 10, L_0x8584b40, L_0x8584a58, L_0x85848c0, C4<>;
S_0x8581260 .scope module, "mux_srel" "mux2" 5 35, 6 62, S_0x857e088;
 .timescale -8 -11;
P_0x85812e4 .param/l "WIDTH" 6 62, +C4<01010>;
v0x8581340_0 .net "d0", 9 0, C4<0000000001>; 1 drivers
v0x8581390_0 .alias "d1", 9 0, v0x8581dc0_0;
v0x85813e0_0 .alias "s", 0 0, v0x8583940_0;
v0x8581450_0 .alias "y", 9 0, v0x8582b50_0;
L_0x8584e00 .functor MUXZ 10, C4<0000000001>, L_0x8584c00, v0x857dbf8_0, C4<>;
S_0x8580f90 .scope module, "pcbackup" "enablereg" 5 38, 6 50, S_0x857e088;
 .timescale -8 -11;
P_0x8581014 .param/l "WIDTH" 6 50, +C4<01010>;
v0x8581070_0 .alias "clk", 0 0, v0x8583c60_0;
v0x85810c0_0 .alias "d", 9 0, v0x8582ba0_0;
v0x8581130_0 .alias "enable", 0 0, v0x8583318_0;
v0x85811a0_0 .var "q", 9 0;
v0x8581210_0 .alias "reset", 0 0, v0x8584110_0;
S_0x8580d10 .scope module, "retornopc" "mux2" 5 39, 6 62, S_0x857e088;
 .timescale -8 -11;
P_0x8580d94 .param/l "WIDTH" 6 62, +C4<01010>;
v0x8580df0_0 .alias "d0", 9 0, v0x8582010_0;
v0x8580e60_0 .alias "d1", 9 0, v0x8582380_0;
v0x8580eb0_0 .alias "s", 0 0, v0x8583990_0;
v0x8580f20_0 .alias "y", 9 0, v0x8582590_0;
L_0x8584fb0 .functor MUXZ 10, L_0x85850b8, v0x85811a0_0, v0x857dc88_0, C4<>;
S_0x8580aa0 .scope module, "pc" "registro" 5 41, 6 40, S_0x857e088;
 .timescale -8 -11;
P_0x8580b24 .param/l "WIDTH" 6 40, +C4<01010>;
v0x8580b90_0 .alias "clk", 0 0, v0x8583c60_0;
v0x8580bf0_0 .alias "d", 9 0, v0x8582590_0;
v0x8580c50_0 .var "q", 9 0;
v0x8580cc0_0 .alias "reset", 0 0, v0x8584110_0;
S_0x85807f8 .scope module, "memoria" "memprog" 5 44, 7 3, S_0x857e088;
 .timescale -8 -11;
L_0x8582890 .functor BUFZ 16, L_0x8585068, C4<0000000000000000>, C4<0000000000000000>, C4<0000000000000000>;
v0x8580878_0 .net *"_s0", 15 0, L_0x8585068; 1 drivers
v0x85808d8_0 .alias "a", 9 0, v0x85840c0_0;
v0x8580938_0 .alias "clk", 0 0, v0x8583c60_0;
v0x857e770 .array "mem", 1023 0, 15 0;
v0x8580a50_0 .alias "rd", 15 0, v0x85821a8_0;
L_0x8585068 .array/port v0x857e770, v0x8580c50_0;
S_0x85805f8 .scope module, "mux_pc" "mux2" 5 47, 6 62, S_0x857e088;
 .timescale -8 -11;
P_0x85803ec .param/l "WIDTH" 6 62, +C4<01010>;
v0x8580678_0 .net "d0", 9 0, L_0x85851d8; 1 drivers
v0x85806d8_0 .alias "d1", 9 0, v0x8582ba0_0;
v0x8580738_0 .alias "s", 0 0, v0x8583850_0;
v0x85807a8_0 .alias "y", 9 0, v0x8582010_0;
L_0x85850b8 .functor MUXZ 10, L_0x85851d8, L_0x85847b8, v0x857db10_0, C4<>;
S_0x857fd60 .scope module, "registros" "regfile" 5 50, 6 2, S_0x857e088;
 .timescale -8 -11;
v0x857fde0_0 .net *"_s0", 4 0, L_0x8585228; 1 drivers
v0x857fe30_0 .net *"_s10", 7 0, C4<00000000>; 1 drivers
v0x857fe80_0 .net *"_s14", 4 0, L_0x8585558; 1 drivers
v0x857fed0_0 .net *"_s17", 0 0, C4<0>; 1 drivers
v0x857ff20_0 .net *"_s18", 4 0, C4<00000>; 1 drivers
v0x857ff80_0 .net *"_s20", 0 0, L_0x8585638; 1 drivers
v0x8580000_0 .net *"_s22", 7 0, L_0x85856f8; 1 drivers
v0x8580060_0 .net *"_s24", 7 0, C4<00000000>; 1 drivers
v0x85800e8_0 .net *"_s3", 0 0, C4<0>; 1 drivers
v0x8580148_0 .net *"_s4", 4 0, C4<00000>; 1 drivers
v0x85801a8_0 .net *"_s6", 0 0, L_0x85852f0; 1 drivers
v0x8580208_0 .net *"_s8", 7 0, L_0x85853b0; 1 drivers
v0x8580268_0 .alias "clk", 0 0, v0x8583c60_0;
v0x85802b8_0 .net "ra1", 3 0, L_0x8585930; 1 drivers
v0x8580318_0 .net "ra2", 3 0, L_0x8584d48; 1 drivers
v0x8580378_0 .alias "rd1", 7 0, v0x8582330_0;
v0x8580410_0 .alias "rd2", 7 0, v0x85823d0_0;
v0x8580460 .array "regb", 15 0, 7 0;
v0x8580500_0 .net "wa3", 3 0, L_0x8585a48; 1 drivers
v0x8580550_0 .alias "wd3", 7 0, v0x8581f88_0;
v0x85804b0_0 .alias "we3", 0 0, v0x8583ba0_0;
L_0x8585228 .concat [ 4 1 0 0], L_0x8585930, C4<0>;
L_0x85852f0 .cmp/ne 5, L_0x8585228, C4<00000>;
L_0x85853b0 .array/port v0x8580460, L_0x8585930;
L_0x8585460 .functor MUXZ 8, C4<00000000>, L_0x85853b0, L_0x85852f0, C4<>;
L_0x8585558 .concat [ 4 1 0 0], L_0x8584d48, C4<0>;
L_0x8585638 .cmp/ne 5, L_0x8585558, C4<00000>;
L_0x85856f8 .array/port v0x8580460, L_0x8584d48;
L_0x85857e0 .functor MUXZ 8, C4<00000000>, L_0x85856f8, L_0x8585638, C4<>;
S_0x857f9b8 .scope module, "alu1" "alu" 5 52, 8 1, S_0x857e088;
 .timescale -8 -11;
L_0x8581cb0 .functor NOT 1, L_0x8585af8, C4<0>, C4<0>, C4<0>;
v0x857fa58_0 .net *"_s3", 0 0, L_0x8585af8; 1 drivers
v0x857fab8_0 .alias "a", 7 0, v0x8582330_0;
v0x857fb18_0 .alias "b", 7 0, v0x85823d0_0;
v0x857fb88_0 .alias "op", 2 0, v0x8583368_0;
v0x857fc10_0 .var "s", 7 0;
v0x857fc60_0 .alias "y", 7 0, v0x8581c60_0;
v0x857fcf0_0 .alias "zero", 0 0, v0x8582e28_0;
E_0x857fa38 .event edge, v0x857d8b8_0, v0x857f0f0_0, v0x857fab8_0;
L_0x8585af8 .reduce/or v0x857fc10_0;
S_0x857f738 .scope module, "mux_banco" "mux2" 5 55, 6 62, S_0x857e088;
 .timescale -8 -11;
P_0x857f7bc .param/l "WIDTH" 6 62, +C4<01000>;
v0x857f818_0 .alias "d0", 7 0, v0x8581c60_0;
v0x857f878_0 .net "d1", 7 0, L_0x8585ca0; 1 drivers
v0x857f8d8_0 .alias "s", 0 0, v0x85838a0_0;
v0x857f948_0 .alias "y", 7 0, v0x8581ce8_0;
L_0x8585be8 .functor MUXZ 8, v0x857fc10_0, L_0x8585ca0, v0x857db98_0, C4<>;
S_0x857f4e8 .scope module, "regzero" "registro" 5 58, 6 40, S_0x857e088;
 .timescale -8 -11;
P_0x857f56c .param/l "WIDTH" 6 40, +C4<01>;
v0x857f5b0_0 .alias "clk", 0 0, v0x8583c60_0;
v0x857f600_0 .alias "d", 0 0, v0x8582e28_0;
v0x857f660_0 .var "q", 0 0;
v0x857f6d0_0 .alias "reset", 0 0, v0x8584110_0;
S_0x857f278 .scope module, "muxentradaregistro" "mux2" 5 62, 6 62, S_0x857e088;
 .timescale -8 -11;
P_0x857f2fc .param/l "WIDTH" 6 62, +C4<01000>;
v0x857f358_0 .alias "d0", 7 0, v0x8581ce8_0;
v0x857f3b8_0 .alias "d1", 7 0, v0x85822e0_0;
v0x857f428_0 .alias "s", 0 0, v0x85837b8_0;
v0x857f498_0 .alias "y", 7 0, v0x8581f88_0;
L_0x8585cf0 .functor MUXZ 8, L_0x8585be8, v0x857ef28_0, v0x857dab0_0, C4<>;
S_0x857efa8 .scope module, "muxademux" "mux2" 5 64, 6 62, S_0x857e088;
 .timescale -8 -11;
P_0x857f02c .param/l "WIDTH" 6 62, +C4<01000>;
v0x857f080_0 .net "d0", 7 0, L_0x8585ec8; 1 drivers
v0x857f0f0_0 .alias "d1", 7 0, v0x85823d0_0;
v0x857f150_0 .alias "s", 0 0, v0x85838f0_0;
v0x857f1c0_0 .alias "y", 7 0, v0x8581c10_0;
L_0x8585e10 .functor MUXZ 8, L_0x8585ec8, L_0x85857e0, v0x857dce8_0, C4<>;
S_0x857ec20 .scope module, "muxentrada" "mux4" 5 65, 6 71, S_0x857e088;
 .timescale -8 -11;
P_0x857eca4 .param/l "WIDTH" 6 71, +C4<01000>;
v0x857ed30_0 .alias "d0", 7 0, v0x85830f8_0;
v0x857eda0_0 .alias "d1", 7 0, v0x8583180_0;
v0x857ee00_0 .alias "d2", 7 0, v0x8583208_0;
v0x857ee60_0 .alias "d3", 7 0, v0x8583290_0;
v0x857eec8_0 .net "s", 1 0, L_0x8585f18; 1 drivers
v0x857ef28_0 .var "y", 7 0;
E_0x857ed00/0 .event edge, v0x857eec8_0, v0x857ed30_0, v0x857eda0_0, v0x857ee00_0;
E_0x857ed00/1 .event edge, v0x857ee60_0;
E_0x857ed00 .event/or E_0x857ed00/0, E_0x857ed00/1;
S_0x857e918 .scope module, "salida0" "enablereg" 5 68, 6 50, S_0x857e088;
 .timescale -8 -11;
P_0x857e99c .param/l "WIDTH" 6 50, +C4<01000>;
v0x857e9f8_0 .alias "clk", 0 0, v0x8583c60_0;
v0x857ea58_0 .alias "d", 7 0, v0x8581c10_0;
v0x857eaa8_0 .alias "enable", 0 0, v0x8583a38_0;
v0x857eb18_0 .var "q", 7 0;
v0x857eb68_0 .alias "reset", 0 0, v0x8584110_0;
S_0x857e660 .scope module, "salida1" "enablereg" 5 69, 6 50, S_0x857e088;
 .timescale -8 -11;
P_0x857e35c .param/l "WIDTH" 6 50, +C4<01000>;
v0x857e720_0 .alias "clk", 0 0, v0x8583c60_0;
v0x857e7d8_0 .alias "d", 7 0, v0x8581c10_0;
v0x857e828_0 .alias "enable", 0 0, v0x85839e0_0;
v0x857e878_0 .var "q", 7 0;
v0x857e8c8_0 .alias "reset", 0 0, v0x8584110_0;
S_0x857e378 .scope module, "salida2" "enablereg" 5 70, 6 50, S_0x857e088;
 .timescale -8 -11;
P_0x857e3fc .param/l "WIDTH" 6 50, +C4<01000>;
v0x857e458_0 .alias "clk", 0 0, v0x8583c60_0;
v0x857e4a8_0 .alias "d", 7 0, v0x8581c10_0;
v0x857e518_0 .alias "enable", 0 0, v0x8583ae8_0;
v0x857e588_0 .var "q", 7 0;
v0x857e5d8_0 .alias "reset", 0 0, v0x8584110_0;
S_0x857e108 .scope module, "salida3" "enablereg" 5 71, 6 50, S_0x857e088;
 .timescale -8 -11;
P_0x857da84 .param/l "WIDTH" 6 50, +C4<01000>;
v0x857e1a8_0 .alias "clk", 0 0, v0x8583c60_0;
v0x857e208_0 .alias "d", 7 0, v0x8581c10_0;
v0x857e268_0 .alias "enable", 0 0, v0x8583a88_0;
v0x857e2b8_0 .var "q", 7 0;
v0x857e308_0 .alias "reset", 0 0, v0x8584110_0;
E_0x857df50 .event posedge, v0x857d9d0_0, v0x857d050_0;
S_0x857d770 .scope module, "uc1" "uc" 4 14, 9 1, S_0x857d6f0;
 .timescale -8 -11;
v0x857d838_0 .alias "clk", 0 0, v0x8583c60_0;
v0x857d8b8_0 .alias "op", 2 0, v0x8583368_0;
v0x857d908_0 .alias "opcode", 5 0, v0x85833b8_0;
v0x857d968_0 .alias "port", 1 0, v0x85834f8_0;
v0x857d9d0_0 .alias "reset", 0 0, v0x8584110_0;
v0x857da30_0 .var "s_bk", 0 0;
v0x857dab0_0 .var "s_entr", 0 0;
v0x857db10_0 .var "s_inc", 0 0;
v0x857db98_0 .var "s_inm", 0 0;
v0x857dbf8_0 .var "s_rel", 0 0;
v0x857dc88_0 .var "s_ret", 0 0;
v0x857dce8_0 .var "s_sal", 0 0;
v0x857dd80_0 .var "w_port0", 0 0;
v0x857dde0_0 .var "w_port1", 0 0;
v0x857de80_0 .var "w_port2", 0 0;
v0x857dee0_0 .var "w_port3", 0 0;
v0x857df88_0 .var "we3", 0 0;
v0x857dfe8_0 .alias "z", 0 0, v0x8583b38_0;
E_0x857d7f0 .event edge, v0x857d9d0_0, v0x857d908_0, v0x857dfe8_0, v0x857d968_0;
L_0x8585f68 .part L_0x8584718, 0, 3;
S_0x857d438 .scope module, "deco1" "decoder" 3 28, 10 1, S_0x8554a58;
 .timescale -8 -11;
v0x857d4f8_0 .alias "d0", 6 0, v0x8583d00_0;
v0x857d568_0 .alias "d1", 6 0, v0x8583d50_0;
v0x857d5c8_0 .net "number", 3 0, v0x8583cb0_0; 1 drivers
v0x857d628_0 .var "out0", 6 0;
v0x857d690_0 .var "out1", 6 0;
E_0x857d4b8 .event edge, v0x857d5c8_0;
S_0x857d180 .scope module, "deco2" "decoder" 3 29, 10 1, S_0x8554a58;
 .timescale -8 -11;
v0x857d240_0 .alias "d0", 6 0, v0x8583da0_0;
v0x857d2b0_0 .alias "d1", 6 0, v0x8583df0_0;
v0x857d310_0 .net "number", 3 0, L_0x8586168; 1 drivers
v0x857d370_0 .var "out0", 6 0;
v0x857d3d8_0 .var "out1", 6 0;
E_0x857d200 .event edge, v0x857d310_0;
S_0x857cf90 .scope module, "timer1" "timer" 3 30, 3 36, S_0x8554a58;
 .timescale -8 -11;
v0x857d050_0 .alias "CLOCK_50", 0 0, v0x8583c60_0;
v0x857d0c0_0 .var "count", 25 0;
v0x857d120_0 .var "delay", 0 0;
E_0x857d010 .event posedge, v0x857d050_0;
S_0x854f758 .scope module, "sumrest" "sumrest" 6 26;
 .timescale -8 -11;
v0x85843f8_0 .net *"_s0", 2 0, L_0x8583490; 1 drivers
v0x8584448_0 .net *"_s10", 9 0, L_0x85863b8; 1 drivers
v0x8584498_0 .net *"_s3", 1 0, C4<00>; 1 drivers
v0x85844e8_0 .net *"_s4", 2 0, C4<001>; 1 drivers
v0x8584538_0 .net *"_s6", 0 0, L_0x85862e0; 1 drivers
v0x8584588_0 .net *"_s8", 9 0, L_0x8586368; 1 drivers
v0x85845d8_0 .net "a", 9 0, C4<zzzzzzzzzz>; 0 drivers
v0x8584628_0 .net "b", 9 0, C4<zzzzzzzzzz>; 0 drivers
v0x8584678_0 .net "resta", 0 0, C4<z>; 0 drivers
v0x85846c8_0 .net "y", 9 0, L_0x8586478; 1 drivers
L_0x8583490 .concat [ 1 2 0 0], C4<z>, C4<00>;
L_0x85862e0 .cmp/eq 3, L_0x8583490, C4<001>;
L_0x8586368 .arith/sub 10, C4<zzzzzzzzzz>, C4<zzzzzzzzzz>;
L_0x85863b8 .arith/sum 10, C4<zzzzzzzzzz>, C4<zzzzzzzzzz>;
L_0x8586478 .functor MUXZ 10, L_0x85863b8, L_0x8586368, L_0x85862e0, C4<>;
    .scope S_0x8554988;
T_0 ;
    %set/v v0x85309c0_0, 1, 1;
    %delay 40000, 0;
    %set/v v0x85309c0_0, 0, 1;
    %delay 40000, 0;
    %jmp T_0;
    .thread T_0;
    .scope S_0x8554988;
T_1 ;
    %vpi_call 2 27 "$monitor", "time=%0d, clk=%b, reset=%b", $time, v0x85309c0_0, v0x857cf30_0;
    %vpi_call 2 28 "$dumpfile", "cpu_tb.vcd";
    %vpi_call 2 29 "$dumpvars";
    %movi 8, 5, 8;
    %ix/load 0, 8, 0;
    %assign/v0 v0x857ce08_0, 0, 8;
    %movi 8, 1, 8;
    %ix/load 0, 8, 0;
    %assign/v0 v0x857ce68_0, 0, 8;
    %ix/load 0, 8, 0;
    %assign/v0 v0x857cec8_0, 0, 0;
    %set/v v0x857cf30_0, 1, 1;
    %delay 5000, 0;
    %set/v v0x857cf30_0, 0, 1;
    %delay 1000000, 0;
    %movi 8, 3, 8;
    %ix/load 0, 8, 0;
    %assign/v0 v0x857ce08_0, 0, 8;
    %movi 8, 1, 8;
    %ix/load 0, 8, 0;
    %assign/v0 v0x857ce68_0, 0, 8;
    %ix/load 0, 8, 0;
    %assign/v0 v0x857cec8_0, 0, 0;
    %delay 1000000, 0;
    %movi 8, 3, 8;
    %ix/load 0, 8, 0;
    %assign/v0 v0x857ce08_0, 0, 8;
    %movi 8, 1, 8;
    %ix/load 0, 8, 0;
    %assign/v0 v0x857ce68_0, 0, 8;
    %ix/load 0, 8, 0;
    %assign/v0 v0x857cec8_0, 0, 0;
    %delay 1000000, 0;
    %movi 8, 2, 8;
    %ix/load 0, 8, 0;
    %assign/v0 v0x857ce08_0, 0, 8;
    %ix/load 0, 8, 0;
    %assign/v0 v0x857ce68_0, 0, 0;
    %movi 8, 1, 8;
    %ix/load 0, 8, 0;
    %assign/v0 v0x857cec8_0, 0, 8;
    %delay 1000000, 0;
    %movi 8, 2, 8;
    %ix/load 0, 8, 0;
    %assign/v0 v0x857ce08_0, 0, 8;
    %ix/load 0, 8, 0;
    %assign/v0 v0x857ce68_0, 0, 0;
    %movi 8, 1, 8;
    %ix/load 0, 8, 0;
    %assign/v0 v0x857cec8_0, 0, 8;
    %delay 1000000, 0;
    %vpi_call 2 64 "$finish";
    %end;
    .thread T_1;
    .scope S_0x8580f90;
T_2 ;
    %wait E_0x857df50;
    %load/v 8, v0x8581210_0, 1;
    %jmp/0xz  T_2.0, 8;
    %ix/load 0, 10, 0;
    %assign/v0 v0x85811a0_0, 0, 0;
    %jmp T_2.1;
T_2.0 ;
    %load/v 8, v0x8581130_0, 1;
    %jmp/0xz  T_2.2, 8;
    %load/v 8, v0x85810c0_0, 10;
    %ix/load 0, 10, 0;
    %assign/v0 v0x85811a0_0, 0, 8;
T_2.2 ;
T_2.1 ;
    %jmp T_2;
    .thread T_2;
    .scope S_0x8580aa0;
T_3 ;
    %wait E_0x857df50;
    %load/v 8, v0x8580cc0_0, 1;
    %jmp/0xz  T_3.0, 8;
    %ix/load 0, 10, 0;
    %assign/v0 v0x8580c50_0, 0, 0;
    %jmp T_3.1;
T_3.0 ;
    %load/v 8, v0x8580bf0_0, 10;
    %ix/load 0, 10, 0;
    %assign/v0 v0x8580c50_0, 0, 8;
T_3.1 ;
    %jmp T_3;
    .thread T_3;
    .scope S_0x85807f8;
T_4 ;
    %vpi_call 7 11 "$readmemb", "progfile.dat", v0x857e770;
    %end;
    .thread T_4;
    .scope S_0x857fd60;
T_5 ;
    %wait E_0x857d010;
    %load/v 8, v0x85804b0_0, 1;
    %jmp/0xz  T_5.0, 8;
    %load/v 8, v0x8580550_0, 8;
    %ix/getv 3, v0x8580500_0;
    %jmp/1 t_0, 4;
    %ix/load 0, 8, 0; word width
    %ix/load 1, 0, 0; part off
    %assign/av v0x8580460, 0, 8;
t_0 ;
T_5.0 ;
    %jmp T_5;
    .thread T_5;
    .scope S_0x857f9b8;
T_6 ;
    %wait E_0x857fa38;
    %load/v 8, v0x857fb88_0, 3;
    %cmpi/u 8, 0, 3;
    %jmp/1 T_6.0, 6;
    %cmpi/u 8, 1, 3;
    %jmp/1 T_6.1, 6;
    %cmpi/u 8, 2, 3;
    %jmp/1 T_6.2, 6;
    %cmpi/u 8, 3, 3;
    %jmp/1 T_6.3, 6;
    %cmpi/u 8, 4, 3;
    %jmp/1 T_6.4, 6;
    %cmpi/u 8, 5, 3;
    %jmp/1 T_6.5, 6;
    %cmpi/u 8, 6, 3;
    %jmp/1 T_6.6, 6;
    %cmpi/u 8, 7, 3;
    %jmp/1 T_6.7, 6;
    %set/v v0x857fc10_0, 2, 8;
    %jmp T_6.9;
T_6.0 ;
    %load/v 8, v0x857fab8_0, 8;
    %set/v v0x857fc10_0, 8, 8;
    %jmp T_6.9;
T_6.1 ;
    %load/v 8, v0x857fab8_0, 8;
    %inv 8, 8;
    %set/v v0x857fc10_0, 8, 8;
    %jmp T_6.9;
T_6.2 ;
    %load/v 8, v0x857fab8_0, 8;
    %load/v 16, v0x857fb18_0, 8;
    %add 8, 16, 8;
    %set/v v0x857fc10_0, 8, 8;
    %jmp T_6.9;
T_6.3 ;
    %load/v 8, v0x857fab8_0, 8;
    %load/v 16, v0x857fb18_0, 8;
    %sub 8, 16, 8;
    %set/v v0x857fc10_0, 8, 8;
    %jmp T_6.9;
T_6.4 ;
    %load/v 8, v0x857fab8_0, 8;
    %load/v 16, v0x857fb18_0, 8;
    %and 8, 16, 8;
    %set/v v0x857fc10_0, 8, 8;
    %jmp T_6.9;
T_6.5 ;
    %load/v 8, v0x857fab8_0, 8;
    %load/v 16, v0x857fb18_0, 8;
    %or 8, 16, 8;
    %set/v v0x857fc10_0, 8, 8;
    %jmp T_6.9;
T_6.6 ;
    %load/v 8, v0x857fab8_0, 8;
    %inv 8, 8;
    %addi 8, 1, 8;
    %set/v v0x857fc10_0, 8, 8;
    %jmp T_6.9;
T_6.7 ;
    %load/v 8, v0x857fb18_0, 8;
    %inv 8, 8;
    %addi 8, 1, 8;
    %set/v v0x857fc10_0, 8, 8;
    %jmp T_6.9;
T_6.9 ;
    %jmp T_6;
    .thread T_6, $push;
    .scope S_0x857f4e8;
T_7 ;
    %wait E_0x857df50;
    %load/v 8, v0x857f6d0_0, 1;
    %jmp/0xz  T_7.0, 8;
    %ix/load 0, 1, 0;
    %assign/v0 v0x857f660_0, 0, 0;
    %jmp T_7.1;
T_7.0 ;
    %load/v 8, v0x857f600_0, 1;
    %ix/load 0, 1, 0;
    %assign/v0 v0x857f660_0, 0, 8;
T_7.1 ;
    %jmp T_7;
    .thread T_7;
    .scope S_0x857ec20;
T_8 ;
    %wait E_0x857ed00;
    %load/v 8, v0x857eec8_0, 2;
    %cmpi/u 8, 0, 2;
    %jmp/1 T_8.0, 6;
    %cmpi/u 8, 1, 2;
    %jmp/1 T_8.1, 6;
    %cmpi/u 8, 2, 2;
    %jmp/1 T_8.2, 6;
    %cmpi/u 8, 3, 2;
    %jmp/1 T_8.3, 6;
    %jmp T_8.4;
T_8.0 ;
    %load/v 8, v0x857ed30_0, 8;
    %set/v v0x857ef28_0, 8, 8;
    %jmp T_8.4;
T_8.1 ;
    %load/v 8, v0x857eda0_0, 8;
    %set/v v0x857ef28_0, 8, 8;
    %jmp T_8.4;
T_8.2 ;
    %load/v 8, v0x857ee00_0, 8;
    %set/v v0x857ef28_0, 8, 8;
    %jmp T_8.4;
T_8.3 ;
    %load/v 8, v0x857ee60_0, 8;
    %set/v v0x857ef28_0, 8, 8;
    %jmp T_8.4;
T_8.4 ;
    %jmp T_8;
    .thread T_8, $push;
    .scope S_0x857e918;
T_9 ;
    %wait E_0x857df50;
    %load/v 8, v0x857eb68_0, 1;
    %jmp/0xz  T_9.0, 8;
    %ix/load 0, 8, 0;
    %assign/v0 v0x857eb18_0, 0, 0;
    %jmp T_9.1;
T_9.0 ;
    %load/v 8, v0x857eaa8_0, 1;
    %jmp/0xz  T_9.2, 8;
    %load/v 8, v0x857ea58_0, 8;
    %ix/load 0, 8, 0;
    %assign/v0 v0x857eb18_0, 0, 8;
T_9.2 ;
T_9.1 ;
    %jmp T_9;
    .thread T_9;
    .scope S_0x857e660;
T_10 ;
    %wait E_0x857df50;
    %load/v 8, v0x857e8c8_0, 1;
    %jmp/0xz  T_10.0, 8;
    %ix/load 0, 8, 0;
    %assign/v0 v0x857e878_0, 0, 0;
    %jmp T_10.1;
T_10.0 ;
    %load/v 8, v0x857e828_0, 1;
    %jmp/0xz  T_10.2, 8;
    %load/v 8, v0x857e7d8_0, 8;
    %ix/load 0, 8, 0;
    %assign/v0 v0x857e878_0, 0, 8;
T_10.2 ;
T_10.1 ;
    %jmp T_10;
    .thread T_10;
    .scope S_0x857e378;
T_11 ;
    %wait E_0x857df50;
    %load/v 8, v0x857e5d8_0, 1;
    %jmp/0xz  T_11.0, 8;
    %ix/load 0, 8, 0;
    %assign/v0 v0x857e588_0, 0, 0;
    %jmp T_11.1;
T_11.0 ;
    %load/v 8, v0x857e518_0, 1;
    %jmp/0xz  T_11.2, 8;
    %load/v 8, v0x857e4a8_0, 8;
    %ix/load 0, 8, 0;
    %assign/v0 v0x857e588_0, 0, 8;
T_11.2 ;
T_11.1 ;
    %jmp T_11;
    .thread T_11;
    .scope S_0x857e108;
T_12 ;
    %wait E_0x857df50;
    %load/v 8, v0x857e308_0, 1;
    %jmp/0xz  T_12.0, 8;
    %ix/load 0, 8, 0;
    %assign/v0 v0x857e2b8_0, 0, 0;
    %jmp T_12.1;
T_12.0 ;
    %load/v 8, v0x857e268_0, 1;
    %jmp/0xz  T_12.2, 8;
    %load/v 8, v0x857e208_0, 8;
    %ix/load 0, 8, 0;
    %assign/v0 v0x857e2b8_0, 0, 8;
T_12.2 ;
T_12.1 ;
    %jmp T_12;
    .thread T_12;
    .scope S_0x857d770;
T_13 ;
    %wait E_0x857d7f0;
    %ix/load 0, 1, 0;
    %assign/v0 v0x857dd80_0, 0, 0;
    %ix/load 0, 1, 0;
    %assign/v0 v0x857dde0_0, 0, 0;
    %ix/load 0, 1, 0;
    %assign/v0 v0x857de80_0, 0, 0;
    %ix/load 0, 1, 0;
    %assign/v0 v0x857dee0_0, 0, 0;
    %load/v 8, v0x857d9d0_0, 1;
    %jmp/0xz  T_13.0, 8;
    %ix/load 0, 1, 0;
    %assign/v0 v0x857df88_0, 0, 0;
    %ix/load 0, 1, 0;
    %assign/v0 v0x857db98_0, 0, 0;
    %ix/load 0, 1, 0;
    %assign/v0 v0x857db10_0, 0, 1;
    %ix/load 0, 1, 0;
    %assign/v0 v0x857dab0_0, 0, 0;
    %ix/load 0, 1, 0;
    %assign/v0 v0x857dce8_0, 0, 0;
    %ix/load 0, 1, 0;
    %assign/v0 v0x857dbf8_0, 0, 0;
    %ix/load 0, 1, 0;
    %assign/v0 v0x857dc88_0, 0, 0;
    %ix/load 0, 1, 0;
    %assign/v0 v0x857da30_0, 0, 0;
    %jmp T_13.1;
T_13.0 ;
    %load/v 8, v0x857d908_0, 6;
    %mov 14, 2, 3;
    %movi 17, 0, 1;
    %mov 18, 2, 2;
    %cmp/x 8, 14, 6;
    %jmp/1 T_13.2, 4;
    %movi 20, 8, 4;
    %mov 24, 2, 2;
    %cmp/x 8, 20, 6;
    %jmp/1 T_13.3, 4;
    %movi 26, 9, 6;
    %cmp/x 8, 26, 6;
    %jmp/1 T_13.4, 4;
    %movi 26, 10, 6;
    %cmp/x 8, 26, 6;
    %jmp/1 T_13.5, 4;
    %movi 26, 11, 6;
    %cmp/x 8, 26, 6;
    %jmp/1 T_13.6, 4;
    %movi 26, 12, 6;
    %cmp/x 8, 26, 6;
    %jmp/1 T_13.7, 4;
    %movi 26, 13, 6;
    %cmp/x 8, 26, 6;
    %jmp/1 T_13.8, 4;
    %movi 26, 14, 6;
    %cmp/x 8, 26, 6;
    %jmp/1 T_13.9, 4;
    %movi 26, 25, 6;
    %cmp/x 8, 26, 6;
    %jmp/1 T_13.10, 4;
    %movi 26, 26, 6;
    %cmp/x 8, 26, 6;
    %jmp/1 T_13.11, 4;
    %movi 26, 27, 6;
    %cmp/x 8, 26, 6;
    %jmp/1 T_13.12, 4;
    %ix/load 0, 1, 0;
    %assign/v0 v0x857df88_0, 0, 0;
    %ix/load 0, 1, 0;
    %assign/v0 v0x857db98_0, 0, 0;
    %ix/load 0, 1, 0;
    %assign/v0 v0x857db10_0, 0, 1;
    %ix/load 0, 1, 0;
    %assign/v0 v0x857dab0_0, 0, 0;
    %ix/load 0, 1, 0;
    %assign/v0 v0x857dce8_0, 0, 0;
    %ix/load 0, 1, 0;
    %assign/v0 v0x857dbf8_0, 0, 0;
    %ix/load 0, 1, 0;
    %assign/v0 v0x857dc88_0, 0, 0;
    %ix/load 0, 1, 0;
    %assign/v0 v0x857da30_0, 0, 0;
    %jmp T_13.14;
T_13.2 ;
    %ix/load 0, 1, 0;
    %assign/v0 v0x857df88_0, 0, 1;
    %ix/load 0, 1, 0;
    %assign/v0 v0x857db10_0, 0, 1;
    %ix/load 0, 1, 0;
    %assign/v0 v0x857db98_0, 0, 0;
    %ix/load 0, 1, 0;
    %assign/v0 v0x857dab0_0, 0, 0;
    %ix/load 0, 1, 0;
    %assign/v0 v0x857dce8_0, 0, 0;
    %ix/load 0, 1, 0;
    %assign/v0 v0x857dbf8_0, 0, 0;
    %ix/load 0, 1, 0;
    %assign/v0 v0x857dc88_0, 0, 0;
    %ix/load 0, 1, 0;
    %assign/v0 v0x857da30_0, 0, 0;
    %jmp T_13.14;
T_13.3 ;
    %ix/load 0, 1, 0;
    %assign/v0 v0x857df88_0, 0, 1;
    %ix/load 0, 1, 0;
    %assign/v0 v0x857db10_0, 0, 1;
    %ix/load 0, 1, 0;
    %assign/v0 v0x857db98_0, 0, 1;
    %ix/load 0, 1, 0;
    %assign/v0 v0x857dab0_0, 0, 0;
    %ix/load 0, 1, 0;
    %assign/v0 v0x857dce8_0, 0, 0;
    %ix/load 0, 1, 0;
    %assign/v0 v0x857dbf8_0, 0, 0;
    %ix/load 0, 1, 0;
    %assign/v0 v0x857dc88_0, 0, 0;
    %ix/load 0, 1, 0;
    %assign/v0 v0x857da30_0, 0, 0;
    %jmp T_13.14;
T_13.4 ;
    %ix/load 0, 1, 0;
    %assign/v0 v0x857df88_0, 0, 0;
    %ix/load 0, 1, 0;
    %assign/v0 v0x857db10_0, 0, 0;
    %ix/load 0, 1, 0;
    %assign/v0 v0x857db98_0, 0, 0;
    %ix/load 0, 1, 0;
    %assign/v0 v0x857dab0_0, 0, 0;
    %ix/load 0, 1, 0;
    %assign/v0 v0x857dce8_0, 0, 0;
    %ix/load 0, 1, 0;
    %assign/v0 v0x857dbf8_0, 0, 0;
    %ix/load 0, 1, 0;
    %assign/v0 v0x857dc88_0, 0, 0;
    %ix/load 0, 1, 0;
    %assign/v0 v0x857da30_0, 0, 0;
    %jmp T_13.14;
T_13.5 ;
    %ix/load 0, 1, 0;
    %assign/v0 v0x857df88_0, 0, 0;
    %ix/load 0, 1, 0;
    %assign/v0 v0x857db98_0, 0, 0;
    %ix/load 0, 1, 0;
    %assign/v0 v0x857dab0_0, 0, 0;
    %ix/load 0, 1, 0;
    %assign/v0 v0x857dce8_0, 0, 0;
    %ix/load 0, 1, 0;
    %assign/v0 v0x857dbf8_0, 0, 0;
    %ix/load 0, 1, 0;
    %assign/v0 v0x857dc88_0, 0, 0;
    %ix/load 0, 1, 0;
    %assign/v0 v0x857da30_0, 0, 0;
    %load/v 8, v0x857dfe8_0, 1;
    %jmp/0xz  T_13.15, 8;
    %ix/load 0, 1, 0;
    %assign/v0 v0x857db10_0, 0, 0;
    %jmp T_13.16;
T_13.15 ;
    %ix/load 0, 1, 0;
    %assign/v0 v0x857db10_0, 0, 1;
T_13.16 ;
    %jmp T_13.14;
T_13.6 ;
    %ix/load 0, 1, 0;
    %assign/v0 v0x857df88_0, 0, 0;
    %ix/load 0, 1, 0;
    %assign/v0 v0x857db98_0, 0, 0;
    %ix/load 0, 1, 0;
    %assign/v0 v0x857dab0_0, 0, 0;
    %ix/load 0, 1, 0;
    %assign/v0 v0x857dce8_0, 0, 0;
    %ix/load 0, 1, 0;
    %assign/v0 v0x857dbf8_0, 0, 0;
    %ix/load 0, 1, 0;
    %assign/v0 v0x857dc88_0, 0, 0;
    %ix/load 0, 1, 0;
    %assign/v0 v0x857da30_0, 0, 0;
    %load/v 8, v0x857dfe8_0, 1;
    %cmpi/u 8, 1, 1;
    %inv 4, 1;
    %jmp/0xz  T_13.17, 4;
    %ix/load 0, 1, 0;
    %assign/v0 v0x857db10_0, 0, 0;
    %jmp T_13.18;
T_13.17 ;
    %ix/load 0, 1, 0;
    %assign/v0 v0x857db10_0, 0, 1;
T_13.18 ;
    %jmp T_13.14;
T_13.7 ;
    %ix/load 0, 1, 0;
    %assign/v0 v0x857df88_0, 0, 1;
    %ix/load 0, 1, 0;
    %assign/v0 v0x857db10_0, 0, 1;
    %ix/load 0, 1, 0;
    %assign/v0 v0x857db98_0, 0, 0;
    %ix/load 0, 1, 0;
    %assign/v0 v0x857dab0_0, 0, 1;
    %ix/load 0, 1, 0;
    %assign/v0 v0x857dce8_0, 0, 0;
    %ix/load 0, 1, 0;
    %assign/v0 v0x857dbf8_0, 0, 0;
    %ix/load 0, 1, 0;
    %assign/v0 v0x857dc88_0, 0, 0;
    %ix/load 0, 1, 0;
    %assign/v0 v0x857da30_0, 0, 0;
    %jmp T_13.14;
T_13.8 ;
    %ix/load 0, 1, 0;
    %assign/v0 v0x857df88_0, 0, 0;
    %ix/load 0, 1, 0;
    %assign/v0 v0x857db10_0, 0, 1;
    %ix/load 0, 1, 0;
    %assign/v0 v0x857db98_0, 0, 0;
    %ix/load 0, 1, 0;
    %assign/v0 v0x857dab0_0, 0, 0;
    %ix/load 0, 1, 0;
    %assign/v0 v0x857dce8_0, 0, 1;
    %ix/load 0, 1, 0;
    %assign/v0 v0x857dbf8_0, 0, 0;
    %ix/load 0, 1, 0;
    %assign/v0 v0x857dc88_0, 0, 0;
    %ix/load 0, 1, 0;
    %assign/v0 v0x857da30_0, 0, 0;
    %load/v 8, v0x857d968_0, 2;
    %cmpi/u 8, 0, 2;
    %jmp/1 T_13.19, 6;
    %cmpi/u 8, 1, 2;
    %jmp/1 T_13.20, 6;
    %cmpi/u 8, 2, 2;
    %jmp/1 T_13.21, 6;
    %cmpi/u 8, 3, 2;
    %jmp/1 T_13.22, 6;
    %jmp T_13.23;
T_13.19 ;
    %ix/load 0, 1, 0;
    %assign/v0 v0x857dd80_0, 0, 1;
    %jmp T_13.23;
T_13.20 ;
    %ix/load 0, 1, 0;
    %assign/v0 v0x857dde0_0, 0, 1;
    %jmp T_13.23;
T_13.21 ;
    %ix/load 0, 1, 0;
    %assign/v0 v0x857de80_0, 0, 1;
    %jmp T_13.23;
T_13.22 ;
    %ix/load 0, 1, 0;
    %assign/v0 v0x857dee0_0, 0, 1;
    %jmp T_13.23;
T_13.23 ;
    %jmp T_13.14;
T_13.9 ;
    %ix/load 0, 1, 0;
    %assign/v0 v0x857df88_0, 0, 0;
    %ix/load 0, 1, 0;
    %assign/v0 v0x857db10_0, 0, 1;
    %ix/load 0, 1, 0;
    %assign/v0 v0x857db98_0, 0, 0;
    %ix/load 0, 1, 0;
    %assign/v0 v0x857dab0_0, 0, 0;
    %ix/load 0, 1, 0;
    %assign/v0 v0x857dce8_0, 0, 0;
    %ix/load 0, 1, 0;
    %assign/v0 v0x857dbf8_0, 0, 0;
    %ix/load 0, 1, 0;
    %assign/v0 v0x857dc88_0, 0, 0;
    %ix/load 0, 1, 0;
    %assign/v0 v0x857da30_0, 0, 0;
    %load/v 8, v0x857d968_0, 2;
    %cmpi/u 8, 0, 2;
    %jmp/1 T_13.24, 6;
    %cmpi/u 8, 1, 2;
    %jmp/1 T_13.25, 6;
    %cmpi/u 8, 2, 2;
    %jmp/1 T_13.26, 6;
    %cmpi/u 8, 3, 2;
    %jmp/1 T_13.27, 6;
    %jmp T_13.28;
T_13.24 ;
    %ix/load 0, 1, 0;
    %assign/v0 v0x857dd80_0, 0, 1;
    %jmp T_13.28;
T_13.25 ;
    %ix/load 0, 1, 0;
    %assign/v0 v0x857dde0_0, 0, 1;
    %jmp T_13.28;
T_13.26 ;
    %ix/load 0, 1, 0;
    %assign/v0 v0x857de80_0, 0, 1;
    %jmp T_13.28;
T_13.27 ;
    %ix/load 0, 1, 0;
    %assign/v0 v0x857dee0_0, 0, 1;
    %jmp T_13.28;
T_13.28 ;
    %jmp T_13.14;
T_13.10 ;
    %ix/load 0, 1, 0;
    %assign/v0 v0x857df88_0, 0, 0;
    %ix/load 0, 1, 0;
    %assign/v0 v0x857db10_0, 0, 1;
    %ix/load 0, 1, 0;
    %assign/v0 v0x857db98_0, 0, 0;
    %ix/load 0, 1, 0;
    %assign/v0 v0x857dab0_0, 0, 0;
    %ix/load 0, 1, 0;
    %assign/v0 v0x857dce8_0, 0, 0;
    %ix/load 0, 1, 0;
    %assign/v0 v0x857dbf8_0, 0, 1;
    %ix/load 0, 1, 0;
    %assign/v0 v0x857dc88_0, 0, 0;
    %ix/load 0, 1, 0;
    %assign/v0 v0x857da30_0, 0, 0;
    %jmp T_13.14;
T_13.11 ;
    %ix/load 0, 1, 0;
    %assign/v0 v0x857df88_0, 0, 0;
    %ix/load 0, 1, 0;
    %assign/v0 v0x857db10_0, 0, 0;
    %ix/load 0, 1, 0;
    %assign/v0 v0x857db98_0, 0, 0;
    %ix/load 0, 1, 0;
    %assign/v0 v0x857dab0_0, 0, 0;
    %ix/load 0, 1, 0;
    %assign/v0 v0x857dce8_0, 0, 0;
    %ix/load 0, 1, 0;
    %assign/v0 v0x857dbf8_0, 0, 0;
    %ix/load 0, 1, 0;
    %assign/v0 v0x857dc88_0, 0, 0;
    %ix/load 0, 1, 0;
    %assign/v0 v0x857da30_0, 0, 1;
    %jmp T_13.14;
T_13.12 ;
    %ix/load 0, 1, 0;
    %assign/v0 v0x857df88_0, 0, 0;
    %ix/load 0, 1, 0;
    %assign/v0 v0x857db10_0, 0, 0;
    %ix/load 0, 1, 0;
    %assign/v0 v0x857db98_0, 0, 0;
    %ix/load 0, 1, 0;
    %assign/v0 v0x857dab0_0, 0, 0;
    %ix/load 0, 1, 0;
    %assign/v0 v0x857dce8_0, 0, 0;
    %ix/load 0, 1, 0;
    %assign/v0 v0x857dbf8_0, 0, 0;
    %ix/load 0, 1, 0;
    %assign/v0 v0x857dc88_0, 0, 1;
    %ix/load 0, 1, 0;
    %assign/v0 v0x857da30_0, 0, 0;
    %jmp T_13.14;
T_13.14 ;
T_13.1 ;
    %jmp T_13;
    .thread T_13, $push;
    .scope S_0x857d438;
T_14 ;
    %wait E_0x857d4b8;
    %load/v 8, v0x857d5c8_0, 4;
    %cmpi/u 8, 0, 4;
    %jmp/1 T_14.0, 6;
    %cmpi/u 8, 1, 4;
    %jmp/1 T_14.1, 6;
    %cmpi/u 8, 2, 4;
    %jmp/1 T_14.2, 6;
    %cmpi/u 8, 3, 4;
    %jmp/1 T_14.3, 6;
    %cmpi/u 8, 4, 4;
    %jmp/1 T_14.4, 6;
    %cmpi/u 8, 5, 4;
    %jmp/1 T_14.5, 6;
    %cmpi/u 8, 6, 4;
    %jmp/1 T_14.6, 6;
    %cmpi/u 8, 7, 4;
    %jmp/1 T_14.7, 6;
    %cmpi/u 8, 8, 4;
    %jmp/1 T_14.8, 6;
    %cmpi/u 8, 9, 4;
    %jmp/1 T_14.9, 6;
    %cmpi/u 8, 10, 4;
    %jmp/1 T_14.10, 6;
    %cmpi/u 8, 11, 4;
    %jmp/1 T_14.11, 6;
    %cmpi/u 8, 12, 4;
    %jmp/1 T_14.12, 6;
    %cmpi/u 8, 13, 4;
    %jmp/1 T_14.13, 6;
    %cmpi/u 8, 14, 4;
    %jmp/1 T_14.14, 6;
    %cmpi/u 8, 15, 4;
    %jmp/1 T_14.15, 6;
    %jmp T_14.16;
T_14.0 ;
    %movi 8, 64, 7;
    %ix/load 0, 7, 0;
    %assign/v0 v0x857d628_0, 0, 8;
    %ix/load 0, 7, 0;
    %assign/v0 v0x857d690_0, 0, 1;
    %jmp T_14.16;
T_14.1 ;
    %movi 8, 121, 7;
    %ix/load 0, 7, 0;
    %assign/v0 v0x857d628_0, 0, 8;
    %ix/load 0, 7, 0;
    %assign/v0 v0x857d690_0, 0, 1;
    %jmp T_14.16;
T_14.2 ;
    %movi 8, 36, 7;
    %ix/load 0, 7, 0;
    %assign/v0 v0x857d628_0, 0, 8;
    %ix/load 0, 7, 0;
    %assign/v0 v0x857d690_0, 0, 1;
    %jmp T_14.16;
T_14.3 ;
    %movi 8, 48, 7;
    %ix/load 0, 7, 0;
    %assign/v0 v0x857d628_0, 0, 8;
    %ix/load 0, 7, 0;
    %assign/v0 v0x857d690_0, 0, 1;
    %jmp T_14.16;
T_14.4 ;
    %movi 8, 25, 7;
    %ix/load 0, 7, 0;
    %assign/v0 v0x857d628_0, 0, 8;
    %ix/load 0, 7, 0;
    %assign/v0 v0x857d690_0, 0, 1;
    %jmp T_14.16;
T_14.5 ;
    %movi 8, 18, 7;
    %ix/load 0, 7, 0;
    %assign/v0 v0x857d628_0, 0, 8;
    %ix/load 0, 7, 0;
    %assign/v0 v0x857d690_0, 0, 1;
    %jmp T_14.16;
T_14.6 ;
    %movi 8, 2, 7;
    %ix/load 0, 7, 0;
    %assign/v0 v0x857d628_0, 0, 8;
    %ix/load 0, 7, 0;
    %assign/v0 v0x857d690_0, 0, 1;
    %jmp T_14.16;
T_14.7 ;
    %movi 8, 120, 7;
    %ix/load 0, 7, 0;
    %assign/v0 v0x857d628_0, 0, 8;
    %ix/load 0, 7, 0;
    %assign/v0 v0x857d690_0, 0, 1;
    %jmp T_14.16;
T_14.8 ;
    %ix/load 0, 7, 0;
    %assign/v0 v0x857d628_0, 0, 0;
    %ix/load 0, 7, 0;
    %assign/v0 v0x857d690_0, 0, 1;
    %jmp T_14.16;
T_14.9 ;
    %movi 8, 24, 7;
    %ix/load 0, 7, 0;
    %assign/v0 v0x857d628_0, 0, 8;
    %ix/load 0, 7, 0;
    %assign/v0 v0x857d690_0, 0, 1;
    %jmp T_14.16;
T_14.10 ;
    %movi 8, 64, 7;
    %ix/load 0, 7, 0;
    %assign/v0 v0x857d628_0, 0, 8;
    %movi 8, 121, 7;
    %ix/load 0, 7, 0;
    %assign/v0 v0x857d690_0, 0, 8;
    %jmp T_14.16;
T_14.11 ;
    %movi 8, 121, 7;
    %ix/load 0, 7, 0;
    %assign/v0 v0x857d628_0, 0, 8;
    %movi 8, 121, 7;
    %ix/load 0, 7, 0;
    %assign/v0 v0x857d690_0, 0, 8;
    %jmp T_14.16;
T_14.12 ;
    %movi 8, 36, 7;
    %ix/load 0, 7, 0;
    %assign/v0 v0x857d628_0, 0, 8;
    %movi 8, 121, 7;
    %ix/load 0, 7, 0;
    %assign/v0 v0x857d690_0, 0, 8;
    %jmp T_14.16;
T_14.13 ;
    %movi 8, 48, 7;
    %ix/load 0, 7, 0;
    %assign/v0 v0x857d628_0, 0, 8;
    %movi 8, 121, 7;
    %ix/load 0, 7, 0;
    %assign/v0 v0x857d690_0, 0, 8;
    %jmp T_14.16;
T_14.14 ;
    %movi 8, 25, 7;
    %ix/load 0, 7, 0;
    %assign/v0 v0x857d628_0, 0, 8;
    %movi 8, 121, 7;
    %ix/load 0, 7, 0;
    %assign/v0 v0x857d690_0, 0, 8;
    %jmp T_14.16;
T_14.15 ;
    %movi 8, 18, 7;
    %ix/load 0, 7, 0;
    %assign/v0 v0x857d628_0, 0, 8;
    %movi 8, 121, 7;
    %ix/load 0, 7, 0;
    %assign/v0 v0x857d690_0, 0, 8;
    %jmp T_14.16;
T_14.16 ;
    %jmp T_14;
    .thread T_14, $push;
    .scope S_0x857d180;
T_15 ;
    %wait E_0x857d200;
    %load/v 8, v0x857d310_0, 4;
    %cmpi/u 8, 0, 4;
    %jmp/1 T_15.0, 6;
    %cmpi/u 8, 1, 4;
    %jmp/1 T_15.1, 6;
    %cmpi/u 8, 2, 4;
    %jmp/1 T_15.2, 6;
    %cmpi/u 8, 3, 4;
    %jmp/1 T_15.3, 6;
    %cmpi/u 8, 4, 4;
    %jmp/1 T_15.4, 6;
    %cmpi/u 8, 5, 4;
    %jmp/1 T_15.5, 6;
    %cmpi/u 8, 6, 4;
    %jmp/1 T_15.6, 6;
    %cmpi/u 8, 7, 4;
    %jmp/1 T_15.7, 6;
    %cmpi/u 8, 8, 4;
    %jmp/1 T_15.8, 6;
    %cmpi/u 8, 9, 4;
    %jmp/1 T_15.9, 6;
    %cmpi/u 8, 10, 4;
    %jmp/1 T_15.10, 6;
    %cmpi/u 8, 11, 4;
    %jmp/1 T_15.11, 6;
    %cmpi/u 8, 12, 4;
    %jmp/1 T_15.12, 6;
    %cmpi/u 8, 13, 4;
    %jmp/1 T_15.13, 6;
    %cmpi/u 8, 14, 4;
    %jmp/1 T_15.14, 6;
    %cmpi/u 8, 15, 4;
    %jmp/1 T_15.15, 6;
    %jmp T_15.16;
T_15.0 ;
    %movi 8, 64, 7;
    %ix/load 0, 7, 0;
    %assign/v0 v0x857d370_0, 0, 8;
    %ix/load 0, 7, 0;
    %assign/v0 v0x857d3d8_0, 0, 1;
    %jmp T_15.16;
T_15.1 ;
    %movi 8, 121, 7;
    %ix/load 0, 7, 0;
    %assign/v0 v0x857d370_0, 0, 8;
    %ix/load 0, 7, 0;
    %assign/v0 v0x857d3d8_0, 0, 1;
    %jmp T_15.16;
T_15.2 ;
    %movi 8, 36, 7;
    %ix/load 0, 7, 0;
    %assign/v0 v0x857d370_0, 0, 8;
    %ix/load 0, 7, 0;
    %assign/v0 v0x857d3d8_0, 0, 1;
    %jmp T_15.16;
T_15.3 ;
    %movi 8, 48, 7;
    %ix/load 0, 7, 0;
    %assign/v0 v0x857d370_0, 0, 8;
    %ix/load 0, 7, 0;
    %assign/v0 v0x857d3d8_0, 0, 1;
    %jmp T_15.16;
T_15.4 ;
    %movi 8, 25, 7;
    %ix/load 0, 7, 0;
    %assign/v0 v0x857d370_0, 0, 8;
    %ix/load 0, 7, 0;
    %assign/v0 v0x857d3d8_0, 0, 1;
    %jmp T_15.16;
T_15.5 ;
    %movi 8, 18, 7;
    %ix/load 0, 7, 0;
    %assign/v0 v0x857d370_0, 0, 8;
    %ix/load 0, 7, 0;
    %assign/v0 v0x857d3d8_0, 0, 1;
    %jmp T_15.16;
T_15.6 ;
    %movi 8, 2, 7;
    %ix/load 0, 7, 0;
    %assign/v0 v0x857d370_0, 0, 8;
    %ix/load 0, 7, 0;
    %assign/v0 v0x857d3d8_0, 0, 1;
    %jmp T_15.16;
T_15.7 ;
    %movi 8, 120, 7;
    %ix/load 0, 7, 0;
    %assign/v0 v0x857d370_0, 0, 8;
    %ix/load 0, 7, 0;
    %assign/v0 v0x857d3d8_0, 0, 1;
    %jmp T_15.16;
T_15.8 ;
    %ix/load 0, 7, 0;
    %assign/v0 v0x857d370_0, 0, 0;
    %ix/load 0, 7, 0;
    %assign/v0 v0x857d3d8_0, 0, 1;
    %jmp T_15.16;
T_15.9 ;
    %movi 8, 24, 7;
    %ix/load 0, 7, 0;
    %assign/v0 v0x857d370_0, 0, 8;
    %ix/load 0, 7, 0;
    %assign/v0 v0x857d3d8_0, 0, 1;
    %jmp T_15.16;
T_15.10 ;
    %movi 8, 64, 7;
    %ix/load 0, 7, 0;
    %assign/v0 v0x857d370_0, 0, 8;
    %movi 8, 121, 7;
    %ix/load 0, 7, 0;
    %assign/v0 v0x857d3d8_0, 0, 8;
    %jmp T_15.16;
T_15.11 ;
    %movi 8, 121, 7;
    %ix/load 0, 7, 0;
    %assign/v0 v0x857d370_0, 0, 8;
    %movi 8, 121, 7;
    %ix/load 0, 7, 0;
    %assign/v0 v0x857d3d8_0, 0, 8;
    %jmp T_15.16;
T_15.12 ;
    %movi 8, 36, 7;
    %ix/load 0, 7, 0;
    %assign/v0 v0x857d370_0, 0, 8;
    %movi 8, 121, 7;
    %ix/load 0, 7, 0;
    %assign/v0 v0x857d3d8_0, 0, 8;
    %jmp T_15.16;
T_15.13 ;
    %movi 8, 48, 7;
    %ix/load 0, 7, 0;
    %assign/v0 v0x857d370_0, 0, 8;
    %movi 8, 121, 7;
    %ix/load 0, 7, 0;
    %assign/v0 v0x857d3d8_0, 0, 8;
    %jmp T_15.16;
T_15.14 ;
    %movi 8, 25, 7;
    %ix/load 0, 7, 0;
    %assign/v0 v0x857d370_0, 0, 8;
    %movi 8, 121, 7;
    %ix/load 0, 7, 0;
    %assign/v0 v0x857d3d8_0, 0, 8;
    %jmp T_15.16;
T_15.15 ;
    %movi 8, 18, 7;
    %ix/load 0, 7, 0;
    %assign/v0 v0x857d370_0, 0, 8;
    %movi 8, 121, 7;
    %ix/load 0, 7, 0;
    %assign/v0 v0x857d3d8_0, 0, 8;
    %jmp T_15.16;
T_15.16 ;
    %jmp T_15;
    .thread T_15, $push;
    .scope S_0x857cf90;
T_16 ;
    %wait E_0x857d010;
    %load/v 8, v0x857d0c0_0, 26;
    %movi 34, 49999999, 26;
    %cmp/u 8, 34, 26;
    %jmp/0xz  T_16.0, 4;
    %ix/load 0, 26, 0;
    %assign/v0 v0x857d0c0_0, 0, 0;
    %ix/load 0, 1, 0;
    %assign/v0 v0x857d120_0, 0, 1;
    %jmp T_16.1;
T_16.0 ;
    %load/v 8, v0x857d0c0_0, 26;
    %mov 34, 0, 6;
    %addi 8, 1, 32;
    %ix/load 0, 26, 0;
    %assign/v0 v0x857d0c0_0, 0, 8;
    %ix/load 0, 1, 0;
    %assign/v0 v0x857d120_0, 0, 0;
T_16.1 ;
    %jmp T_16;
    .thread T_16;
    .scope S_0x8554a58;
T_17 ;
    %wait E_0x857df50;
    %load/v 8, v0x8584110_0, 1;
    %jmp/0xz  T_17.0, 8;
    %ix/load 0, 4, 0;
    %assign/v0 v0x8583f80_0, 0, 0;
    %ix/load 0, 7, 0;
    %assign/v0 v0x8583fd0_0, 0, 0;
    %ix/load 0, 7, 0;
    %assign/v0 v0x8584020_0, 0, 0;
    %ix/load 0, 8, 0;
    %assign/v0 v0x8583e40_0, 0, 0;
    %ix/load 0, 8, 0;
    %assign/v0 v0x8583e90_0, 0, 0;
    %ix/load 0, 8, 0;
    %assign/v0 v0x8583ee0_0, 0, 0;
    %ix/load 0, 8, 0;
    %assign/v0 v0x8583f30_0, 0, 0;
    %jmp T_17.1;
T_17.0 ;
    %load/v 8, v0x8584070_0, 4;
    %load/v 12, v0x8583f80_0, 4;
    %set/v v0x8583e40_0, 8, 8;
    %load/v 8, v0x8584348_0, 1;
    %load/v 9, v0x8583fd0_0, 7;
    %set/v v0x8583e90_0, 8, 8;
    %load/v 8, v0x8584160_0, 1;
    %load/v 9, v0x8583fd0_0, 7;
    %set/v v0x8583ee0_0, 8, 8;
    %load/v 8, v0x85842f0_0, 1;
    %load/v 9, v0x8584020_0, 7;
    %set/v v0x8583f30_0, 8, 8;
    %load/v 8, v0x8583cb0_0, 4;
    %load/v 12, v0x85842f0_0, 1;
    %mov 13, 0, 3;
    %add 8, 12, 4;
    %set/v v0x8583cb0_0, 8, 4;
T_17.1 ;
    %jmp T_17;
    .thread T_17;
# The file index is used to find the file name in the following table.
:file_names 11;
    "N/A";
    "<interactive>";
    "cpu_tb.v";
    "./fpga.v";
    "./cpu.v";
    "./microc.v";
    "./componentes.v";
    "./memprog.v";
    "./alu.v";
    "./uc.v";
    "./7sdecoder.v";
