Analysis & Synthesis report for calc
Mon May 23 12:57:52 2016
Quartus II 32-bit Version 12.1 Build 243 01/31/2013 Service Pack 1 SJ Web Edition


---------------------
; Table of Contents ;
---------------------
  1. Legal Notice
  2. Analysis & Synthesis Summary
  3. Analysis & Synthesis Settings
  4. Parallel Compilation
  5. Analysis & Synthesis Source Files Read
  6. Analysis & Synthesis Resource Usage Summary
  7. Analysis & Synthesis Resource Utilization by Entity
  8. Registers Removed During Synthesis
  9. General Register Statistics
 10. Multiplexer Restructuring Statistics (Restructuring Performed)
 11. Parameter Settings for User Entity Instance: cpu:cpu1|microc:micro1|mux2:mux_srel
 12. Parameter Settings for User Entity Instance: cpu:cpu1|microc:micro1|enablereg:pcbackup
 13. Parameter Settings for User Entity Instance: cpu:cpu1|microc:micro1|mux2:retornopc
 14. Parameter Settings for User Entity Instance: cpu:cpu1|microc:micro1|registro:pc
 15. Parameter Settings for User Entity Instance: cpu:cpu1|microc:micro1|mux2:mux_pc
 16. Parameter Settings for User Entity Instance: cpu:cpu1|microc:micro1|mux2:mux_banco
 17. Parameter Settings for User Entity Instance: cpu:cpu1|microc:micro1|registro:regzero
 18. Parameter Settings for User Entity Instance: cpu:cpu1|microc:micro1|mux2:muxentradaregistro
 19. Parameter Settings for User Entity Instance: cpu:cpu1|microc:micro1|mux2:muxademux
 20. Parameter Settings for User Entity Instance: cpu:cpu1|microc:micro1|mux4:muxentrada
 21. Parameter Settings for User Entity Instance: cpu:cpu1|microc:micro1|enablereg:salida0
 22. Parameter Settings for User Entity Instance: cpu:cpu1|microc:micro1|enablereg:salida1
 23. Parameter Settings for User Entity Instance: cpu:cpu1|microc:micro1|enablereg:salida2
 24. Parameter Settings for User Entity Instance: cpu:cpu1|microc:micro1|enablereg:salida3
 25. Port Connectivity Checks: "cpu:cpu1|microc:micro1|mux2:mux_srel"
 26. Port Connectivity Checks: "cpu:cpu1"
 27. Elapsed Time Per Partition
 28. Analysis & Synthesis Messages
 29. Analysis & Synthesis Suppressed Messages



----------------
; Legal Notice ;
----------------
Copyright (C) 1991-2012 Altera Corporation
Your use of Altera Corporation's design tools, logic functions 
and other software and tools, and its AMPP partner logic 
functions, and any output files from any of the foregoing 
(including device programming or simulation files), and any 
associated documentation or information are expressly subject 
to the terms and conditions of the Altera Program License 
Subscription Agreement, Altera MegaCore Function License 
Agreement, or other applicable license agreement, including, 
without limitation, that your use is for the sole purpose of 
programming logic devices manufactured by Altera and sold by 
Altera or its authorized distributors.  Please refer to the 
applicable agreement for further details.



+------------------------------------------------------------------------------------+
; Analysis & Synthesis Summary                                                       ;
+------------------------------------+-----------------------------------------------+
; Analysis & Synthesis Status        ; Successful - Mon May 23 12:57:52 2016         ;
; Quartus II 32-bit Version          ; 12.1 Build 243 01/31/2013 SP 1 SJ Web Edition ;
; Revision Name                      ; calc                                          ;
; Top-level Entity Name              ; fpga                                          ;
; Family                             ; Cyclone II                                    ;
; Total logic elements               ; 363                                           ;
;     Total combinational functions  ; 277                                           ;
;     Dedicated logic registers      ; 123                                           ;
; Total registers                    ; 123                                           ;
; Total pins                         ; 78                                            ;
; Total virtual pins                 ; 0                                             ;
; Total memory bits                  ; 0                                             ;
; Embedded Multiplier 9-bit elements ; 0                                             ;
; Total PLLs                         ; 0                                             ;
+------------------------------------+-----------------------------------------------+


+----------------------------------------------------------------------------------------------------------------------+
; Analysis & Synthesis Settings                                                                                        ;
+----------------------------------------------------------------------------+--------------------+--------------------+
; Option                                                                     ; Setting            ; Default Value      ;
+----------------------------------------------------------------------------+--------------------+--------------------+
; Device                                                                     ; EP2C20F484C7       ;                    ;
; Top-level entity name                                                      ; fpga               ; calc               ;
; Family name                                                                ; Cyclone II         ; Cyclone IV GX      ;
; Use smart compilation                                                      ; Off                ; Off                ;
; Enable parallel Assembler and TimeQuest Timing Analyzer during compilation ; On                 ; On                 ;
; Enable compact report table                                                ; Off                ; Off                ;
; Restructure Multiplexers                                                   ; Auto               ; Auto               ;
; Create Debugging Nodes for IP Cores                                        ; Off                ; Off                ;
; Preserve fewer node names                                                  ; On                 ; On                 ;
; Disable OpenCore Plus hardware evaluation                                  ; Off                ; Off                ;
; Verilog Version                                                            ; Verilog_2001       ; Verilog_2001       ;
; VHDL Version                                                               ; VHDL_1993          ; VHDL_1993          ;
; State Machine Processing                                                   ; Auto               ; Auto               ;
; Safe State Machine                                                         ; Off                ; Off                ;
; Extract Verilog State Machines                                             ; On                 ; On                 ;
; Extract VHDL State Machines                                                ; On                 ; On                 ;
; Ignore Verilog initial constructs                                          ; Off                ; Off                ;
; Iteration limit for constant Verilog loops                                 ; 5000               ; 5000               ;
; Iteration limit for non-constant Verilog loops                             ; 250                ; 250                ;
; Add Pass-Through Logic to Inferred RAMs                                    ; On                 ; On                 ;
; Infer RAMs from Raw Logic                                                  ; On                 ; On                 ;
; Parallel Synthesis                                                         ; On                 ; On                 ;
; DSP Block Balancing                                                        ; Auto               ; Auto               ;
; NOT Gate Push-Back                                                         ; On                 ; On                 ;
; Power-Up Don't Care                                                        ; On                 ; On                 ;
; Remove Redundant Logic Cells                                               ; Off                ; Off                ;
; Remove Duplicate Registers                                                 ; On                 ; On                 ;
; Ignore CARRY Buffers                                                       ; Off                ; Off                ;
; Ignore CASCADE Buffers                                                     ; Off                ; Off                ;
; Ignore GLOBAL Buffers                                                      ; Off                ; Off                ;
; Ignore ROW GLOBAL Buffers                                                  ; Off                ; Off                ;
; Ignore LCELL Buffers                                                       ; Off                ; Off                ;
; Ignore SOFT Buffers                                                        ; On                 ; On                 ;
; Limit AHDL Integers to 32 Bits                                             ; Off                ; Off                ;
; Optimization Technique                                                     ; Balanced           ; Balanced           ;
; Carry Chain Length                                                         ; 70                 ; 70                 ;
; Auto Carry Chains                                                          ; On                 ; On                 ;
; Auto Open-Drain Pins                                                       ; On                 ; On                 ;
; Perform WYSIWYG Primitive Resynthesis                                      ; Off                ; Off                ;
; Auto ROM Replacement                                                       ; On                 ; On                 ;
; Auto RAM Replacement                                                       ; On                 ; On                 ;
; Auto Shift Register Replacement                                            ; Auto               ; Auto               ;
; Allow Shift Register Merging across Hierarchies                            ; Auto               ; Auto               ;
; Auto Clock Enable Replacement                                              ; On                 ; On                 ;
; Strict RAM Replacement                                                     ; Off                ; Off                ;
; Allow Synchronous Control Signals                                          ; On                 ; On                 ;
; Force Use of Synchronous Clear Signals                                     ; Off                ; Off                ;
; Auto RAM to Logic Cell Conversion                                          ; Off                ; Off                ;
; Auto Resource Sharing                                                      ; Off                ; Off                ;
; Allow Any RAM Size For Recognition                                         ; Off                ; Off                ;
; Allow Any ROM Size For Recognition                                         ; Off                ; Off                ;
; Allow Any Shift Register Size For Recognition                              ; Off                ; Off                ;
; Use LogicLock Constraints during Resource Balancing                        ; On                 ; On                 ;
; Ignore translate_off and synthesis_off directives                          ; Off                ; Off                ;
; Timing-Driven Synthesis                                                    ; Off                ; Off                ;
; Report Parameter Settings                                                  ; On                 ; On                 ;
; Report Source Assignments                                                  ; On                 ; On                 ;
; Report Connectivity Checks                                                 ; On                 ; On                 ;
; Ignore Maximum Fan-Out Assignments                                         ; Off                ; Off                ;
; Synchronization Register Chain Length                                      ; 2                  ; 2                  ;
; PowerPlay Power Optimization                                               ; Normal compilation ; Normal compilation ;
; HDL message level                                                          ; Level2             ; Level2             ;
; Suppress Register Optimization Related Messages                            ; Off                ; Off                ;
; Number of Removed Registers Reported in Synthesis Report                   ; 5000               ; 5000               ;
; Number of Swept Nodes Reported in Synthesis Report                         ; 5000               ; 5000               ;
; Number of Inverted Registers Reported in Synthesis Report                  ; 100                ; 100                ;
; Clock MUX Protection                                                       ; On                 ; On                 ;
; Auto Gated Clock Conversion                                                ; Off                ; Off                ;
; Block Design Naming                                                        ; Auto               ; Auto               ;
; SDC constraint protection                                                  ; Off                ; Off                ;
; Synthesis Effort                                                           ; Auto               ; Auto               ;
; Shift Register Replacement - Allow Asynchronous Clear Signal               ; On                 ; On                 ;
; Pre-Mapping Resynthesis Optimization                                       ; Off                ; Off                ;
; Analysis & Synthesis Message Level                                         ; Medium             ; Medium             ;
; Disable Register Merging Across Hierarchies                                ; Auto               ; Auto               ;
; Resource Aware Inference For Block RAM                                     ; On                 ; On                 ;
; Synthesis Seed                                                             ; 1                  ; 1                  ;
+----------------------------------------------------------------------------+--------------------+--------------------+


Parallel compilation was disabled, but you have multiple processors available. Enable parallel compilation to reduce compilation time.
+-------------------------------------+
; Parallel Compilation                ;
+----------------------------+--------+
; Processors                 ; Number ;
+----------------------------+--------+
; Number detected on machine ; 2      ;
; Maximum allowed            ; 1      ;
+----------------------------+--------+


+-------------------------------------------------------------------------------------------------------------------------------------------------------------------------------------------+
; Analysis & Synthesis Source Files Read                                                                                                                                                    ;
+---------------------------------------------------------------+-----------------+------------------------------+----------------------------------------------------------------+---------+
; File Name with User-Entered Path                              ; Used in Netlist ; File Type                    ; File Name with Absolute Path                                   ; Library ;
+---------------------------------------------------------------+-----------------+------------------------------+----------------------------------------------------------------+---------+
; ../Descargas/CPUDEFINITIVA/Src/Verilog/uc.v                   ; yes             ; User Verilog HDL File        ; /home/alumno/Descargas/CPUDEFINITIVA/Src/Verilog/uc.v          ;         ;
; ../Descargas/CPUDEFINITIVA/Src/Verilog/microc.v               ; yes             ; User Verilog HDL File        ; /home/alumno/Descargas/CPUDEFINITIVA/Src/Verilog/microc.v      ;         ;
; ../Descargas/CPUDEFINITIVA/Src/Verilog/memprog.v              ; yes             ; User Verilog HDL File        ; /home/alumno/Descargas/CPUDEFINITIVA/Src/Verilog/memprog.v     ;         ;
; ../Descargas/CPUDEFINITIVA/Src/Verilog/fpga.v                 ; yes             ; User Verilog HDL File        ; /home/alumno/Descargas/CPUDEFINITIVA/Src/Verilog/fpga.v        ;         ;
; ../Descargas/CPUDEFINITIVA/Src/Verilog/cpu.v                  ; yes             ; User Verilog HDL File        ; /home/alumno/Descargas/CPUDEFINITIVA/Src/Verilog/cpu.v         ;         ;
; ../Descargas/CPUDEFINITIVA/Src/Verilog/componentes.v          ; yes             ; User Verilog HDL File        ; /home/alumno/Descargas/CPUDEFINITIVA/Src/Verilog/componentes.v ;         ;
; ../Descargas/CPUDEFINITIVA/Src/Verilog/alu.v                  ; yes             ; User Verilog HDL File        ; /home/alumno/Descargas/CPUDEFINITIVA/Src/Verilog/alu.v         ;         ;
; ../Descargas/CPUDEFINITIVA/Src/Verilog/7sdecoder.v            ; yes             ; User Verilog HDL File        ; /home/alumno/Descargas/CPUDEFINITIVA/Src/Verilog/7sdecoder.v   ;         ;
; /home/alumno/Descargas/CPUDEFINITIVA/Src/Verilog/progfile.dat ; yes             ; Auto-Found Unspecified File  ; /home/alumno/Descargas/CPUDEFINITIVA/Src/Verilog/progfile.dat  ;         ;
+---------------------------------------------------------------+-----------------+------------------------------+----------------------------------------------------------------+---------+


+-----------------------------------------------------+
; Analysis & Synthesis Resource Usage Summary         ;
+---------------------------------------------+-------+
; Resource                                    ; Usage ;
+---------------------------------------------+-------+
; Estimated Total logic elements              ; 363   ;
;                                             ;       ;
; Total combinational functions               ; 277   ;
; Logic element usage by number of LUT inputs ;       ;
;     -- 4 input functions                    ; 189   ;
;     -- 3 input functions                    ; 66    ;
;     -- <=2 input functions                  ; 22    ;
;                                             ;       ;
; Logic elements by mode                      ;       ;
;     -- normal mode                          ; 260   ;
;     -- arithmetic mode                      ; 17    ;
;                                             ;       ;
; Total registers                             ; 123   ;
;     -- Dedicated logic registers            ; 123   ;
;     -- I/O registers                        ; 0     ;
;                                             ;       ;
; I/O pins                                    ; 78    ;
; Embedded Multiplier 9-bit elements          ; 0     ;
; Maximum fan-out                             ; 123   ;
; Total fan-out                               ; 1484  ;
; Average fan-out                             ; 3.10  ;
+---------------------------------------------+-------+


+----------------------------------------------------------------------------------------------------------------------------------------------------------------------------------------------------------------------+
; Analysis & Synthesis Resource Utilization by Entity                                                                                                                                                                  ;
+------------------------------------+-------------------+--------------+-------------+--------------+---------+-----------+------+--------------+------------------------------------------------------+--------------+
; Compilation Hierarchy Node         ; LC Combinationals ; LC Registers ; Memory Bits ; DSP Elements ; DSP 9x9 ; DSP 18x18 ; Pins ; Virtual Pins ; Full Hierarchy Name                                  ; Library Name ;
+------------------------------------+-------------------+--------------+-------------+--------------+---------+-----------+------+--------------+------------------------------------------------------+--------------+
; |fpga                              ; 277 (0)           ; 123 (6)      ; 0           ; 0            ; 0       ; 0         ; 78   ; 0            ; |fpga                                                ;              ;
;    |cpu:cpu1|                      ; 261 (0)           ; 117 (0)      ; 0           ; 0            ; 0       ; 0         ; 0    ; 0            ; |fpga|cpu:cpu1                                       ;              ;
;       |microc:micro1|              ; 242 (0)           ; 117 (0)      ; 0           ; 0            ; 0       ; 0         ; 0    ; 0            ; |fpga|cpu:cpu1|microc:micro1                         ;              ;
;          |alu:alu1|                ; 51 (51)           ; 0 (0)        ; 0           ; 0            ; 0       ; 0         ; 0    ; 0            ; |fpga|cpu:cpu1|microc:micro1|alu:alu1                ;              ;
;          |enablereg:pcbackup|      ; 0 (0)             ; 10 (10)      ; 0           ; 0            ; 0       ; 0         ; 0    ; 0            ; |fpga|cpu:cpu1|microc:micro1|enablereg:pcbackup      ;              ;
;          |enablereg:salida0|       ; 0 (0)             ; 8 (8)        ; 0           ; 0            ; 0       ; 0         ; 0    ; 0            ; |fpga|cpu:cpu1|microc:micro1|enablereg:salida0       ;              ;
;          |enablereg:salida1|       ; 0 (0)             ; 8 (8)        ; 0           ; 0            ; 0       ; 0         ; 0    ; 0            ; |fpga|cpu:cpu1|microc:micro1|enablereg:salida1       ;              ;
;          |enablereg:salida2|       ; 0 (0)             ; 8 (8)        ; 0           ; 0            ; 0       ; 0         ; 0    ; 0            ; |fpga|cpu:cpu1|microc:micro1|enablereg:salida2       ;              ;
;          |enablereg:salida3|       ; 0 (0)             ; 8 (8)        ; 0           ; 0            ; 0       ; 0         ; 0    ; 0            ; |fpga|cpu:cpu1|microc:micro1|enablereg:salida3       ;              ;
;          |memprog:memoria|         ; 30 (30)           ; 0 (0)        ; 0           ; 0            ; 0       ; 0         ; 0    ; 0            ; |fpga|cpu:cpu1|microc:micro1|memprog:memoria         ;              ;
;          |mux2:mux_srel|           ; 8 (8)             ; 0 (0)        ; 0           ; 0            ; 0       ; 0         ; 0    ; 0            ; |fpga|cpu:cpu1|microc:micro1|mux2:mux_srel           ;              ;
;          |mux2:muxademux|          ; 16 (16)           ; 0 (0)        ; 0           ; 0            ; 0       ; 0         ; 0    ; 0            ; |fpga|cpu:cpu1|microc:micro1|mux2:muxademux          ;              ;
;          |mux2:muxentradaregistro| ; 19 (19)           ; 0 (0)        ; 0           ; 0            ; 0       ; 0         ; 0    ; 0            ; |fpga|cpu:cpu1|microc:micro1|mux2:muxentradaregistro ;              ;
;          |mux2:retornopc|          ; 2 (2)             ; 0 (0)        ; 0           ; 0            ; 0       ; 0         ; 0    ; 0            ; |fpga|cpu:cpu1|microc:micro1|mux2:retornopc          ;              ;
;          |regfile:registros|       ; 98 (98)           ; 64 (64)      ; 0           ; 0            ; 0       ; 0         ; 0    ; 0            ; |fpga|cpu:cpu1|microc:micro1|regfile:registros       ;              ;
;          |registro:pc|             ; 8 (8)             ; 10 (10)      ; 0           ; 0            ; 0       ; 0         ; 0    ; 0            ; |fpga|cpu:cpu1|microc:micro1|registro:pc             ;              ;
;          |registro:regzero|        ; 0 (0)             ; 1 (1)        ; 0           ; 0            ; 0       ; 0         ; 0    ; 0            ; |fpga|cpu:cpu1|microc:micro1|registro:regzero        ;              ;
;          |sum:sum_pc|              ; 10 (10)           ; 0 (0)        ; 0           ; 0            ; 0       ; 0         ; 0    ; 0            ; |fpga|cpu:cpu1|microc:micro1|sum:sum_pc              ;              ;
;       |uc:uc1|                     ; 19 (19)           ; 0 (0)        ; 0           ; 0            ; 0       ; 0         ; 0    ; 0            ; |fpga|cpu:cpu1|uc:uc1                                ;              ;
;    |decoder:deco1|                 ; 8 (8)             ; 0 (0)        ; 0           ; 0            ; 0       ; 0         ; 0    ; 0            ; |fpga|decoder:deco1                                  ;              ;
;    |decoder:deco2|                 ; 8 (8)             ; 0 (0)        ; 0           ; 0            ; 0       ; 0         ; 0    ; 0            ; |fpga|decoder:deco2                                  ;              ;
+------------------------------------+-------------------+--------------+-------------+--------------+---------+-----------+------+--------------+------------------------------------------------------+--------------+
Note: For table entries with two numbers listed, the numbers in parentheses indicate the number of resources of the given type used by the specific entity alone. The numbers listed outside of parentheses indicate the total resources of the given type used by the specific entity and all of its sub-entities in the hierarchy.


+--------------------------------------------------------------------------------------------+
; Registers Removed During Synthesis                                                         ;
+---------------------------------------------------+----------------------------------------+
; Register name                                     ; Reason for Removal                     ;
+---------------------------------------------------+----------------------------------------+
; e0[4..7]                                          ; Stuck at GND due to stuck port data_in ;
; e1[1..7]                                          ; Stuck at GND due to stuck port data_in ;
; e2[1..7]                                          ; Stuck at GND due to stuck port data_in ;
; cpu:cpu1|microc:micro1|regfile:registros|regb~70  ; Stuck at GND due to stuck port data_in ;
; cpu:cpu1|microc:micro1|regfile:registros|regb~78  ; Stuck at GND due to stuck port data_in ;
; cpu:cpu1|microc:micro1|regfile:registros|regb~86  ; Stuck at GND due to stuck port data_in ;
; cpu:cpu1|microc:micro1|regfile:registros|regb~94  ; Stuck at GND due to stuck port data_in ;
; cpu:cpu1|microc:micro1|regfile:registros|regb~102 ; Stuck at GND due to stuck port data_in ;
; cpu:cpu1|microc:micro1|regfile:registros|regb~110 ; Stuck at GND due to stuck port data_in ;
; cpu:cpu1|microc:micro1|regfile:registros|regb~118 ; Stuck at GND due to stuck port data_in ;
; cpu:cpu1|microc:micro1|regfile:registros|regb~126 ; Stuck at GND due to stuck port data_in ;
; cpu:cpu1|microc:micro1|regfile:registros|regb~64  ; Stuck at GND due to stuck port data_in ;
; cpu:cpu1|microc:micro1|regfile:registros|regb~72  ; Stuck at GND due to stuck port data_in ;
; cpu:cpu1|microc:micro1|regfile:registros|regb~80  ; Stuck at GND due to stuck port data_in ;
; cpu:cpu1|microc:micro1|regfile:registros|regb~88  ; Stuck at GND due to stuck port data_in ;
; cpu:cpu1|microc:micro1|regfile:registros|regb~96  ; Stuck at GND due to stuck port data_in ;
; cpu:cpu1|microc:micro1|regfile:registros|regb~104 ; Stuck at GND due to stuck port data_in ;
; cpu:cpu1|microc:micro1|regfile:registros|regb~112 ; Stuck at GND due to stuck port data_in ;
; cpu:cpu1|microc:micro1|regfile:registros|regb~120 ; Stuck at GND due to stuck port data_in ;
; cpu:cpu1|microc:micro1|regfile:registros|regb~65  ; Stuck at GND due to stuck port data_in ;
; cpu:cpu1|microc:micro1|regfile:registros|regb~73  ; Stuck at GND due to stuck port data_in ;
; cpu:cpu1|microc:micro1|regfile:registros|regb~81  ; Stuck at GND due to stuck port data_in ;
; cpu:cpu1|microc:micro1|regfile:registros|regb~89  ; Stuck at GND due to stuck port data_in ;
; cpu:cpu1|microc:micro1|regfile:registros|regb~97  ; Stuck at GND due to stuck port data_in ;
; cpu:cpu1|microc:micro1|regfile:registros|regb~105 ; Stuck at GND due to stuck port data_in ;
; cpu:cpu1|microc:micro1|regfile:registros|regb~113 ; Stuck at GND due to stuck port data_in ;
; cpu:cpu1|microc:micro1|regfile:registros|regb~121 ; Stuck at GND due to stuck port data_in ;
; cpu:cpu1|microc:micro1|regfile:registros|regb~66  ; Stuck at GND due to stuck port data_in ;
; cpu:cpu1|microc:micro1|regfile:registros|regb~74  ; Stuck at GND due to stuck port data_in ;
; cpu:cpu1|microc:micro1|regfile:registros|regb~82  ; Stuck at GND due to stuck port data_in ;
; cpu:cpu1|microc:micro1|regfile:registros|regb~90  ; Stuck at GND due to stuck port data_in ;
; cpu:cpu1|microc:micro1|regfile:registros|regb~98  ; Stuck at GND due to stuck port data_in ;
; cpu:cpu1|microc:micro1|regfile:registros|regb~106 ; Stuck at GND due to stuck port data_in ;
; cpu:cpu1|microc:micro1|regfile:registros|regb~114 ; Stuck at GND due to stuck port data_in ;
; cpu:cpu1|microc:micro1|regfile:registros|regb~122 ; Stuck at GND due to stuck port data_in ;
; cpu:cpu1|microc:micro1|regfile:registros|regb~67  ; Stuck at GND due to stuck port data_in ;
; cpu:cpu1|microc:micro1|regfile:registros|regb~75  ; Stuck at GND due to stuck port data_in ;
; cpu:cpu1|microc:micro1|regfile:registros|regb~83  ; Stuck at GND due to stuck port data_in ;
; cpu:cpu1|microc:micro1|regfile:registros|regb~91  ; Stuck at GND due to stuck port data_in ;
; cpu:cpu1|microc:micro1|regfile:registros|regb~99  ; Stuck at GND due to stuck port data_in ;
; cpu:cpu1|microc:micro1|regfile:registros|regb~107 ; Stuck at GND due to stuck port data_in ;
; cpu:cpu1|microc:micro1|regfile:registros|regb~115 ; Stuck at GND due to stuck port data_in ;
; cpu:cpu1|microc:micro1|regfile:registros|regb~123 ; Stuck at GND due to stuck port data_in ;
; cpu:cpu1|microc:micro1|regfile:registros|regb~68  ; Stuck at GND due to stuck port data_in ;
; cpu:cpu1|microc:micro1|regfile:registros|regb~76  ; Stuck at GND due to stuck port data_in ;
; cpu:cpu1|microc:micro1|regfile:registros|regb~84  ; Stuck at GND due to stuck port data_in ;
; cpu:cpu1|microc:micro1|regfile:registros|regb~92  ; Stuck at GND due to stuck port data_in ;
; cpu:cpu1|microc:micro1|regfile:registros|regb~100 ; Stuck at GND due to stuck port data_in ;
; cpu:cpu1|microc:micro1|regfile:registros|regb~108 ; Stuck at GND due to stuck port data_in ;
; cpu:cpu1|microc:micro1|regfile:registros|regb~116 ; Stuck at GND due to stuck port data_in ;
; cpu:cpu1|microc:micro1|regfile:registros|regb~124 ; Stuck at GND due to stuck port data_in ;
; cpu:cpu1|microc:micro1|regfile:registros|regb~69  ; Stuck at GND due to stuck port data_in ;
; cpu:cpu1|microc:micro1|regfile:registros|regb~77  ; Stuck at GND due to stuck port data_in ;
; cpu:cpu1|microc:micro1|regfile:registros|regb~85  ; Stuck at GND due to stuck port data_in ;
; cpu:cpu1|microc:micro1|regfile:registros|regb~93  ; Stuck at GND due to stuck port data_in ;
; cpu:cpu1|microc:micro1|regfile:registros|regb~101 ; Stuck at GND due to stuck port data_in ;
; cpu:cpu1|microc:micro1|regfile:registros|regb~109 ; Stuck at GND due to stuck port data_in ;
; cpu:cpu1|microc:micro1|regfile:registros|regb~117 ; Stuck at GND due to stuck port data_in ;
; cpu:cpu1|microc:micro1|regfile:registros|regb~125 ; Stuck at GND due to stuck port data_in ;
; cpu:cpu1|microc:micro1|regfile:registros|regb~71  ; Stuck at GND due to stuck port data_in ;
; cpu:cpu1|microc:micro1|regfile:registros|regb~79  ; Stuck at GND due to stuck port data_in ;
; cpu:cpu1|microc:micro1|regfile:registros|regb~87  ; Stuck at GND due to stuck port data_in ;
; cpu:cpu1|microc:micro1|regfile:registros|regb~95  ; Stuck at GND due to stuck port data_in ;
; cpu:cpu1|microc:micro1|regfile:registros|regb~103 ; Stuck at GND due to stuck port data_in ;
; cpu:cpu1|microc:micro1|regfile:registros|regb~111 ; Stuck at GND due to stuck port data_in ;
; cpu:cpu1|microc:micro1|regfile:registros|regb~119 ; Stuck at GND due to stuck port data_in ;
; cpu:cpu1|microc:micro1|regfile:registros|regb~127 ; Stuck at GND due to stuck port data_in ;
; Total Number of Removed Registers = 82            ;                                        ;
+---------------------------------------------------+----------------------------------------+


+------------------------------------------------------+
; General Register Statistics                          ;
+----------------------------------------------+-------+
; Statistic                                    ; Value ;
+----------------------------------------------+-------+
; Total registers                              ; 123   ;
; Number of registers using Synchronous Clear  ; 0     ;
; Number of registers using Synchronous Load   ; 8     ;
; Number of registers using Asynchronous Clear ; 59    ;
; Number of registers using Asynchronous Load  ; 0     ;
; Number of registers using Clock Enable       ; 106   ;
; Number of registers using Preset             ; 0     ;
+----------------------------------------------+-------+


+-------------------------------------------------------------------------------------------------------------------------------------------------------------------------+
; Multiplexer Restructuring Statistics (Restructuring Performed)                                                                                                          ;
+--------------------+-----------+---------------+----------------------+------------------------+------------+-----------------------------------------------------------+
; Multiplexer Inputs ; Bus Width ; Baseline Area ; Area if Restructured ; Saving if Restructured ; Registered ; Example Multiplexer Output                                ;
+--------------------+-----------+---------------+----------------------+------------------------+------------+-----------------------------------------------------------+
; 3:1                ; 2 bits    ; 4 LEs         ; 4 LEs                ; 0 LEs                  ; Yes        ; |fpga|cpu:cpu1|microc:micro1|registro:pc|q[5]             ;
; 3:1                ; 8 bits    ; 16 LEs        ; 16 LEs               ; 0 LEs                  ; Yes        ; |fpga|cpu:cpu1|microc:micro1|registro:pc|q[0]             ;
; 3:1                ; 3 bits    ; 6 LEs         ; 6 LEs                ; 0 LEs                  ; No         ; |fpga|cpu:cpu1|microc:micro1|mux2:muxentradaregistro|y[4] ;
; 4:1                ; 3 bits    ; 6 LEs         ; 6 LEs                ; 0 LEs                  ; No         ; |fpga|cpu:cpu1|microc:micro1|mux2:muxentradaregistro|y[3] ;
; 6:1                ; 8 bits    ; 32 LEs        ; 24 LEs               ; 8 LEs                  ; No         ; |fpga|cpu:cpu1|microc:micro1|alu:alu1|Mux1                ;
; 3:1                ; 8 bits    ; 16 LEs        ; 16 LEs               ; 0 LEs                  ; No         ; |fpga|cpu:cpu1|microc:micro1|alu:alu1|Add0                ;
+--------------------+-----------+---------------+----------------------+------------------------+------------+-----------------------------------------------------------+


+-----------------------------------------------------------------------------------+
; Parameter Settings for User Entity Instance: cpu:cpu1|microc:micro1|mux2:mux_srel ;
+----------------+-------+----------------------------------------------------------+
; Parameter Name ; Value ; Type                                                     ;
+----------------+-------+----------------------------------------------------------+
; WIDTH          ; 10    ; Signed Integer                                           ;
+----------------+-------+----------------------------------------------------------+
Note: In order to hide this table in the UI and the text report file, please set the "Show Parameter Settings in Synthesis Report" option in "Analysis and Synthesis Settings -> More Settings" to "Off".


+----------------------------------------------------------------------------------------+
; Parameter Settings for User Entity Instance: cpu:cpu1|microc:micro1|enablereg:pcbackup ;
+----------------+-------+---------------------------------------------------------------+
; Parameter Name ; Value ; Type                                                          ;
+----------------+-------+---------------------------------------------------------------+
; WIDTH          ; 10    ; Signed Integer                                                ;
+----------------+-------+---------------------------------------------------------------+
Note: In order to hide this table in the UI and the text report file, please set the "Show Parameter Settings in Synthesis Report" option in "Analysis and Synthesis Settings -> More Settings" to "Off".


+------------------------------------------------------------------------------------+
; Parameter Settings for User Entity Instance: cpu:cpu1|microc:micro1|mux2:retornopc ;
+----------------+-------+-----------------------------------------------------------+
; Parameter Name ; Value ; Type                                                      ;
+----------------+-------+-----------------------------------------------------------+
; WIDTH          ; 10    ; Signed Integer                                            ;
+----------------+-------+-----------------------------------------------------------+
Note: In order to hide this table in the UI and the text report file, please set the "Show Parameter Settings in Synthesis Report" option in "Analysis and Synthesis Settings -> More Settings" to "Off".


+---------------------------------------------------------------------------------+
; Parameter Settings for User Entity Instance: cpu:cpu1|microc:micro1|registro:pc ;
+----------------+-------+--------------------------------------------------------+
; Parameter Name ; Value ; Type                                                   ;
+----------------+-------+--------------------------------------------------------+
; WIDTH          ; 10    ; Signed Integer                                         ;
+----------------+-------+--------------------------------------------------------+
Note: In order to hide this table in the UI and the text report file, please set the "Show Parameter Settings in Synthesis Report" option in "Analysis and Synthesis Settings -> More Settings" to "Off".


+---------------------------------------------------------------------------------+
; Parameter Settings for User Entity Instance: cpu:cpu1|microc:micro1|mux2:mux_pc ;
+----------------+-------+--------------------------------------------------------+
; Parameter Name ; Value ; Type                                                   ;
+----------------+-------+--------------------------------------------------------+
; WIDTH          ; 10    ; Signed Integer                                         ;
+----------------+-------+--------------------------------------------------------+
Note: In order to hide this table in the UI and the text report file, please set the "Show Parameter Settings in Synthesis Report" option in "Analysis and Synthesis Settings -> More Settings" to "Off".


+------------------------------------------------------------------------------------+
; Parameter Settings for User Entity Instance: cpu:cpu1|microc:micro1|mux2:mux_banco ;
+----------------+-------+-----------------------------------------------------------+
; Parameter Name ; Value ; Type                                                      ;
+----------------+-------+-----------------------------------------------------------+
; WIDTH          ; 8     ; Signed Integer                                            ;
+----------------+-------+-----------------------------------------------------------+
Note: In order to hide this table in the UI and the text report file, please set the "Show Parameter Settings in Synthesis Report" option in "Analysis and Synthesis Settings -> More Settings" to "Off".


+--------------------------------------------------------------------------------------+
; Parameter Settings for User Entity Instance: cpu:cpu1|microc:micro1|registro:regzero ;
+----------------+-------+-------------------------------------------------------------+
; Parameter Name ; Value ; Type                                                        ;
+----------------+-------+-------------------------------------------------------------+
; WIDTH          ; 1     ; Signed Integer                                              ;
+----------------+-------+-------------------------------------------------------------+
Note: In order to hide this table in the UI and the text report file, please set the "Show Parameter Settings in Synthesis Report" option in "Analysis and Synthesis Settings -> More Settings" to "Off".


+---------------------------------------------------------------------------------------------+
; Parameter Settings for User Entity Instance: cpu:cpu1|microc:micro1|mux2:muxentradaregistro ;
+----------------+-------+--------------------------------------------------------------------+
; Parameter Name ; Value ; Type                                                               ;
+----------------+-------+--------------------------------------------------------------------+
; WIDTH          ; 8     ; Signed Integer                                                     ;
+----------------+-------+--------------------------------------------------------------------+
Note: In order to hide this table in the UI and the text report file, please set the "Show Parameter Settings in Synthesis Report" option in "Analysis and Synthesis Settings -> More Settings" to "Off".


+------------------------------------------------------------------------------------+
; Parameter Settings for User Entity Instance: cpu:cpu1|microc:micro1|mux2:muxademux ;
+----------------+-------+-----------------------------------------------------------+
; Parameter Name ; Value ; Type                                                      ;
+----------------+-------+-----------------------------------------------------------+
; WIDTH          ; 8     ; Signed Integer                                            ;
+----------------+-------+-----------------------------------------------------------+
Note: In order to hide this table in the UI and the text report file, please set the "Show Parameter Settings in Synthesis Report" option in "Analysis and Synthesis Settings -> More Settings" to "Off".


+-------------------------------------------------------------------------------------+
; Parameter Settings for User Entity Instance: cpu:cpu1|microc:micro1|mux4:muxentrada ;
+----------------+-------+------------------------------------------------------------+
; Parameter Name ; Value ; Type                                                       ;
+----------------+-------+------------------------------------------------------------+
; WIDTH          ; 8     ; Signed Integer                                             ;
+----------------+-------+------------------------------------------------------------+
Note: In order to hide this table in the UI and the text report file, please set the "Show Parameter Settings in Synthesis Report" option in "Analysis and Synthesis Settings -> More Settings" to "Off".


+---------------------------------------------------------------------------------------+
; Parameter Settings for User Entity Instance: cpu:cpu1|microc:micro1|enablereg:salida0 ;
+----------------+-------+--------------------------------------------------------------+
; Parameter Name ; Value ; Type                                                         ;
+----------------+-------+--------------------------------------------------------------+
; WIDTH          ; 8     ; Signed Integer                                               ;
+----------------+-------+--------------------------------------------------------------+
Note: In order to hide this table in the UI and the text report file, please set the "Show Parameter Settings in Synthesis Report" option in "Analysis and Synthesis Settings -> More Settings" to "Off".


+---------------------------------------------------------------------------------------+
; Parameter Settings for User Entity Instance: cpu:cpu1|microc:micro1|enablereg:salida1 ;
+----------------+-------+--------------------------------------------------------------+
; Parameter Name ; Value ; Type                                                         ;
+----------------+-------+--------------------------------------------------------------+
; WIDTH          ; 8     ; Signed Integer                                               ;
+----------------+-------+--------------------------------------------------------------+
Note: In order to hide this table in the UI and the text report file, please set the "Show Parameter Settings in Synthesis Report" option in "Analysis and Synthesis Settings -> More Settings" to "Off".


+---------------------------------------------------------------------------------------+
; Parameter Settings for User Entity Instance: cpu:cpu1|microc:micro1|enablereg:salida2 ;
+----------------+-------+--------------------------------------------------------------+
; Parameter Name ; Value ; Type                                                         ;
+----------------+-------+--------------------------------------------------------------+
; WIDTH          ; 8     ; Signed Integer                                               ;
+----------------+-------+--------------------------------------------------------------+
Note: In order to hide this table in the UI and the text report file, please set the "Show Parameter Settings in Synthesis Report" option in "Analysis and Synthesis Settings -> More Settings" to "Off".


+---------------------------------------------------------------------------------------+
; Parameter Settings for User Entity Instance: cpu:cpu1|microc:micro1|enablereg:salida3 ;
+----------------+-------+--------------------------------------------------------------+
; Parameter Name ; Value ; Type                                                         ;
+----------------+-------+--------------------------------------------------------------+
; WIDTH          ; 8     ; Signed Integer                                               ;
+----------------+-------+--------------------------------------------------------------+
Note: In order to hide this table in the UI and the text report file, please set the "Show Parameter Settings in Synthesis Report" option in "Analysis and Synthesis Settings -> More Settings" to "Off".


+------------------------------------------------------------------+
; Port Connectivity Checks: "cpu:cpu1|microc:micro1|mux2:mux_srel" ;
+----------+-------+----------+------------------------------------+
; Port     ; Type  ; Severity ; Details                            ;
+----------+-------+----------+------------------------------------+
; d0[9..1] ; Input ; Info     ; Stuck at GND                       ;
; d0[0]    ; Input ; Info     ; Stuck at VCC                       ;
+----------+-------+----------+------------------------------------+


+----------------------------------------+
; Port Connectivity Checks: "cpu:cpu1"   ;
+------+-------+----------+--------------+
; Port ; Type  ; Severity ; Details      ;
+------+-------+----------+--------------+
; e3   ; Input ; Info     ; Stuck at GND ;
+------+-------+----------+--------------+


+-------------------------------+
; Elapsed Time Per Partition    ;
+----------------+--------------+
; Partition Name ; Elapsed Time ;
+----------------+--------------+
; Top            ; 00:00:02     ;
+----------------+--------------+


+-------------------------------+
; Analysis & Synthesis Messages ;
+-------------------------------+
Info: *******************************************************************
Info: Running Quartus II 32-bit Analysis & Synthesis
    Info: Version 12.1 Build 243 01/31/2013 Service Pack 1 SJ Web Edition
    Info: Processing started: Mon May 23 12:57:48 2016
Info: Command: quartus_map --read_settings_files=on --write_settings_files=off calc -c calc
Warning (20028): Parallel compilation is not licensed and has been disabled
Info (12021): Found 1 design units, including 1 entities, in source file /home/alumno/Descargas/CPUDEFINITIVA/Src/Verilog/uc.v
    Info (12023): Found entity 1: uc
Info (12021): Found 1 design units, including 1 entities, in source file /home/alumno/Descargas/CPUDEFINITIVA/Src/Verilog/microc.v
    Info (12023): Found entity 1: microc
Info (12021): Found 1 design units, including 1 entities, in source file /home/alumno/Descargas/CPUDEFINITIVA/Src/Verilog/memprog.v
    Info (12023): Found entity 1: memprog
Info (12021): Found 1 design units, including 1 entities, in source file /home/alumno/Descargas/CPUDEFINITIVA/Src/Verilog/fpga.v
    Info (12023): Found entity 1: fpga
Info (12021): Found 1 design units, including 1 entities, in source file /home/alumno/Descargas/CPUDEFINITIVA/Src/Verilog/cpu.v
    Info (12023): Found entity 1: cpu
Info (12021): Found 8 design units, including 8 entities, in source file /home/alumno/Descargas/CPUDEFINITIVA/Src/Verilog/componentes.v
    Info (12023): Found entity 1: regfile
    Info (12023): Found entity 2: sum
    Info (12023): Found entity 3: sumrest
    Info (12023): Found entity 4: ca2
    Info (12023): Found entity 5: registro
    Info (12023): Found entity 6: enablereg
    Info (12023): Found entity 7: mux2
    Info (12023): Found entity 8: mux4
Info (12021): Found 1 design units, including 1 entities, in source file /home/alumno/Descargas/CPUDEFINITIVA/Src/Verilog/alu.v
    Info (12023): Found entity 1: alu
Info (12021): Found 1 design units, including 1 entities, in source file /home/alumno/Descargas/CPUDEFINITIVA/Src/Verilog/7sdecoder.v
    Info (12023): Found entity 1: decoder
Info (12127): Elaborating entity "fpga" for the top level hierarchy
Warning (10240): Verilog HDL Always Construct warning at fpga.v(38): inferring latch(es) for variable "fill_data", which holds its previous value in one or more paths through the always construct
Warning (10240): Verilog HDL Always Construct warning at fpga.v(38): inferring latch(es) for variable "fill_op", which holds its previous value in one or more paths through the always construct
Warning (10240): Verilog HDL Always Construct warning at fpga.v(38): inferring latch(es) for variable "e3", which holds its previous value in one or more paths through the always construct
Info (10041): Inferred latch for "e3[0]" at fpga.v(38)
Info (10041): Inferred latch for "e3[1]" at fpga.v(38)
Info (10041): Inferred latch for "e3[2]" at fpga.v(38)
Info (10041): Inferred latch for "e3[3]" at fpga.v(38)
Info (10041): Inferred latch for "e3[4]" at fpga.v(38)
Info (10041): Inferred latch for "e3[5]" at fpga.v(38)
Info (10041): Inferred latch for "e3[6]" at fpga.v(38)
Info (10041): Inferred latch for "e3[7]" at fpga.v(38)
Info (10041): Inferred latch for "fill_op[0]" at fpga.v(38)
Info (10041): Inferred latch for "fill_op[1]" at fpga.v(38)
Info (10041): Inferred latch for "fill_op[2]" at fpga.v(38)
Info (10041): Inferred latch for "fill_op[3]" at fpga.v(38)
Info (10041): Inferred latch for "fill_op[4]" at fpga.v(38)
Info (10041): Inferred latch for "fill_op[5]" at fpga.v(38)
Info (10041): Inferred latch for "fill_op[6]" at fpga.v(38)
Info (10041): Inferred latch for "fill_data[0]" at fpga.v(38)
Info (10041): Inferred latch for "fill_data[1]" at fpga.v(38)
Info (10041): Inferred latch for "fill_data[2]" at fpga.v(38)
Info (10041): Inferred latch for "fill_data[3]" at fpga.v(38)
Info (12128): Elaborating entity "cpu" for hierarchy "cpu:cpu1"
Info (12128): Elaborating entity "microc" for hierarchy "cpu:cpu1|microc:micro1"
Info (12128): Elaborating entity "sum" for hierarchy "cpu:cpu1|microc:micro1|sum:sum_pc"
Info (12128): Elaborating entity "ca2" for hierarchy "cpu:cpu1|microc:micro1|ca2:compsalto"
Info (12128): Elaborating entity "mux2" for hierarchy "cpu:cpu1|microc:micro1|mux2:mux_srel"
Info (12128): Elaborating entity "enablereg" for hierarchy "cpu:cpu1|microc:micro1|enablereg:pcbackup"
Info (12128): Elaborating entity "registro" for hierarchy "cpu:cpu1|microc:micro1|registro:pc"
Info (12128): Elaborating entity "memprog" for hierarchy "cpu:cpu1|microc:micro1|memprog:memoria"
Warning (10850): Verilog HDL warning at memprog.v(11): number of words (15) in memory file does not match the number of elements in the address range [0:1023]
Warning (10030): Net "mem.data_a" at memprog.v(7) has no driver or initial value, using a default initial value '0'
Warning (10030): Net "mem.waddr_a" at memprog.v(7) has no driver or initial value, using a default initial value '0'
Warning (10030): Net "mem.we_a" at memprog.v(7) has no driver or initial value, using a default initial value '0'
Info (12128): Elaborating entity "regfile" for hierarchy "cpu:cpu1|microc:micro1|regfile:registros"
Info (12128): Elaborating entity "alu" for hierarchy "cpu:cpu1|microc:micro1|alu:alu1"
Info (12128): Elaborating entity "mux2" for hierarchy "cpu:cpu1|microc:micro1|mux2:mux_banco"
Info (12128): Elaborating entity "registro" for hierarchy "cpu:cpu1|microc:micro1|registro:regzero"
Info (12128): Elaborating entity "mux4" for hierarchy "cpu:cpu1|microc:micro1|mux4:muxentrada"
Info (12128): Elaborating entity "enablereg" for hierarchy "cpu:cpu1|microc:micro1|enablereg:salida0"
Info (12128): Elaborating entity "uc" for hierarchy "cpu:cpu1|uc:uc1"
Info (12128): Elaborating entity "decoder" for hierarchy "decoder:deco1"
Info (276014): Found 1 instances of uninferred RAM logic
    Info (276007): RAM logic "cpu:cpu1|microc:micro1|regfile:registros|regb" is uninferred due to asynchronous read logic
Warning (127007): Memory Initialization File or Hexadecimal (Intel-Format) File "/home/alumno/Escritorio/db/calc.ram0_memprog_5f24dd89.hdl.mif" contains "don't care" values -- overwriting them with 0s
Warning (13024): Output pins are stuck at VCC or GND
    Warning (13410): Pin "display2[0]" is stuck at VCC
    Warning (13410): Pin "display2[3]" is stuck at VCC
    Warning (13410): Pin "display2[4]" is stuck at VCC
    Warning (13410): Pin "display2[5]" is stuck at VCC
    Warning (13410): Pin "display2[6]" is stuck at VCC
    Warning (13410): Pin "display4[0]" is stuck at VCC
    Warning (13410): Pin "display4[3]" is stuck at VCC
    Warning (13410): Pin "display4[4]" is stuck at VCC
    Warning (13410): Pin "display4[5]" is stuck at VCC
    Warning (13410): Pin "display4[6]" is stuck at VCC
Info (144001): Generated suppressed messages file /home/alumno/Escritorio/output_files/calc.map.smsg
Info (16010): Generating hard_block partition "hard_block:auto_generated_inst"
    Info (16011): Adding 0 node(s), including 0 DDIO, 0 PLL, 0 transceiver and 0 LCELL
Info (21057): Implemented 467 device resources after synthesis - the final resource count might be different
    Info (21058): Implemented 8 input pins
    Info (21059): Implemented 70 output pins
    Info (21061): Implemented 389 logic cells
Info: Quartus II 32-bit Analysis & Synthesis was successful. 0 errors, 20 warnings
    Info: Peak virtual memory: 328 megabytes
    Info: Processing ended: Mon May 23 12:57:52 2016
    Info: Elapsed time: 00:00:04
    Info: Total CPU time (on all processors): 00:00:04


+------------------------------------------+
; Analysis & Synthesis Suppressed Messages ;
+------------------------------------------+
The suppressed messages can be found in /home/alumno/Escritorio/output_files/calc.map.smsg.


